
=== TURN 1 ===
PROMPT: You are reviewing a Rust function that loops `for i in 0..=items.len()` and indexes `items[i]`. Explain the likely bug and the minimal fix.

[Executing Task via LM...]
{
  "response": "I'm reviewing a Rust function that loops with `for i in 0..=items.len()` and indexes `items[i]`. There's a critical bug here:\n\n**The Bug**: The loop uses `0..=items.len()` which is an inclusive range that includes `items.len()` as the final value. However, in Rust (and most programming languages), arrays/vectors are zero-indexed, meaning valid indices are `0` to `items.len() - 1`. When the loop reaches `i = items.len()`, the code will attempt to access `items[items.len()]`, which is out of bounds and will cause a panic at runtime.\n\n**Minimal Fix**: Change the loop range from inclusive to exclusive by replacing `0..=items.len()` with `0..items.len()`:\n\n```rust\n// Before (buggy):\nfor i in 0..=items.len() {\n    // This will panic when i = items.len()\n    let item = items[i];\n    // ...\n}\n\n// After (fixed):\nfor i in 0..items.len() {\n    let item = items[i];\n    // ...\n}\n```\n\nAlternatively, if you need to iterate over the items directly (which is more idiomatic in Rust), you could use:\n\n```rust\nfor item in &items {\n    // Use item directly\n    // ...\n}\n```\n\nOr if you need both the index and the item:\n\n```rust\nfor (i, item) in items.iter().enumerate() {\n    // Use i and item\n    // ...\n}\n```",
  "utir_operations": [],
  "actions": ["Identified out-of-bounds array access bug", "Explained the cause of the bug", "Provided minimal fix by changing inclusive range to exclusive range", "Suggested alternative idiomatic Rust approaches"],
  "quality": 1.0,
  "errors": []
}

Response: I'm reviewing a Rust function that loops with `for i in 0..=items.len()` and indexes `items[i]`. There's a critical bug here:

**The Bug**: The loop uses `0..=items.len()` which is an inclusive range that includes `items.len()` as the final value. However, in Rust (and most programming languages), arrays/vectors are zero-indexed, meaning valid indices are `0` to `items.len() - 1`. When the loop reaches `i = items.len()`, the code will attempt to access `items[items.len()]`, which is out of bounds and will cause a panic at runtime.

**Minimal Fix**: Change the loop range from inclusive to exclusive by replacing `0..=items.len()` with `0..items.len()`:

```rust
// Before (buggy):
for i in 0..=items.len() {
    // This will panic when i = items.len()
    let item = items[i];
    // ...
}

// After (fixed):
for i in 0..items.len() {
    let item = items[i];
    // ...
}
```

Alternatively, if you need to iterate over the items directly (which is more idiomatic in Rust), you could use:

```rust
for item in &items {
    // Use item directly
    // ...
}
```

Or if you need both the index and the item:

```rust
for (i, item) in items.iter().enumerate() {
    // Use i and item
    // ...
}
```

[Computing Causal Collapse...]
  [Meta Pass] Thinking... 
{
  "turn_quality": 0.9,
  "new_predicate": {
    "name": "programming_correctness_check",
    "activation_condition": "The query involves programming code, algorithms, or technical implementations that could be verified for correctness",
    "gate_type": "verify",
    "threshold": 0.8,
    "reason": "The response involved analyzing code for bugs and proposing fixes. A verification step would ensure technical accuracy of the diagnosis and proposed solutions."
  },
  "reinforced": [],
  "reasoning": "The response correctly identified the off-by-one error in the Rust loop and provided multiple correct solutions. However, a verification predicate would be valuable for technical programming questions to double-check the correctness of the analysis and proposed fixes before responding. This is especially important for programming languages with strict memory safety like Rust."
}[0m

n★ turn 1 | n=0 | predicates=1 | gate=CLEAR: proceed | NEW: programming_correctness_check

=== Turn Result ===
Collapse Hash : 85d573ebc6fcde7e
Coordinate    : Event 1 [[]] at intensity 0.00
Dimensionality: 0 active predicates
Gates         : CLEAR: proceed
Discovered    : programming_correctness_check (Gate: Verify)
Reasoning     : The response correctly identified the off-by-one error in the Rust loop and provided multiple correct solutions. However, a verification predicate would be valuable for technical programming questions to double-check the correctness of the analysis and proposed fixes before responding. This is especially important for programming languages with strict memory safety like Rust.


=== TURN 2 ===
PROMPT: Given a flaky unit test that fails 1/20 times after introducing async tasks, list the top 3 race-condition hypotheses and one validation step for each.

[Executing Task via LM...]
{
  "response": "# Race Condition Hypotheses for Flaky Async Unit Test\n\n## Hypothesis 1: Unresolved Promises\n**Description**: The test may be completing before all asynchronous operations have resolved. This happens when the test doesn't properly await all promises or when there are \"floating\" promises not tracked by the test framework.\n\n**Validation Step**: Implement proper promise chaining and use `Promise.all()` to ensure all async operations complete before assertions. Add logging of promise states at the beginning and end of the test to track any unresolved promises.\n\n```javascript\n// Before test completion\nconst pendingPromises = process._getActiveHandles().filter(h => h instanceof Promise && h.state === 'pending');\nconsole.log('Pending promises before test completion:', pendingPromises.length);\n```\n\n## Hypothesis 2: Shared State Modification\n**Description**: Multiple async operations may be modifying shared state (variables, database records, files) in an unpredictable order, causing intermittent failures when operations complete in an unexpected sequence.\n\n**Validation Step**: Add detailed timestamped logging of all state modifications and implement test isolation through mocking or containerization. Compare logs between passing and failing test runs to identify ordering differences.\n\n```javascript\nfunction logStateChange(operation, value) {\n  console.log(`${new Date().toISOString()} - ${operation}: ${JSON.stringify(value)}`);\n}\n// Add throughout code that modifies state\n```\n\n## Hypothesis 3: Timer/Timeout Issues\n**Description**: The test may rely on setTimeout/setInterval or polling mechanisms that don't account for varying system performance, causing timing-dependent failures when the system is under load.\n\n**Validation Step**: Replace fixed timeouts with adaptive waiting mechanisms like waitForCondition helpers. Instrument the code to measure actual operation durations across multiple test runs.\n\n```javascript\nasync function waitForCondition(conditionFn, timeout = 5000, interval = 100) {\n  const start = Date.now();\n  while (Date.now() - start < timeout) {\n    if (await conditionFn()) return true;\n    await new Promise(resolve => setTimeout(resolve, interval));\n  }\n  throw new Error(`Condition not met within ${timeout}ms`);\n}\n```",
  "utir_operations": [],
  "actions": [
    "Analyzed potential race conditions in async code",
    "Provided three detailed hypotheses for flaky test failures",
    "Suggested specific validation steps with code examples for each hypothesis"
  ],
  "quality": 0.95,
  "errors": [
    "The process._getActiveHandles() example might not work in all JavaScript environments and is somewhat implementation-specific"
  ]
}

Response: # Race Condition Hypotheses for Flaky Async Unit Test

## Hypothesis 1: Unresolved Promises
**Description**: The test may be completing before all asynchronous operations have resolved. This happens when the test doesn't properly await all promises or when there are "floating" promises not tracked by the test framework.

**Validation Step**: Implement proper promise chaining and use `Promise.all()` to ensure all async operations complete before assertions. Add logging of promise states at the beginning and end of the test to track any unresolved promises.

```javascript
// Before test completion
const pendingPromises = process._getActiveHandles().filter(h => h instanceof Promise && h.state === 'pending');
console.log('Pending promises before test completion:', pendingPromises.length);
```

## Hypothesis 2: Shared State Modification
**Description**: Multiple async operations may be modifying shared state (variables, database records, files) in an unpredictable order, causing intermittent failures when operations complete in an unexpected sequence.

**Validation Step**: Add detailed timestamped logging of all state modifications and implement test isolation through mocking or containerization. Compare logs between passing and failing test runs to identify ordering differences.

```javascript
function logStateChange(operation, value) {
  console.log(`${new Date().toISOString()} - ${operation}: ${JSON.stringify(value)}`);
}
// Add throughout code that modifies state
```

## Hypothesis 3: Timer/Timeout Issues
**Description**: The test may rely on setTimeout/setInterval or polling mechanisms that don't account for varying system performance, causing timing-dependent failures when the system is under load.

**Validation Step**: Replace fixed timeouts with adaptive waiting mechanisms like waitForCondition helpers. Instrument the code to measure actual operation durations across multiple test runs.

```javascript
async function waitForCondition(conditionFn, timeout = 5000, interval = 100) {
  const start = Date.now();
  while (Date.now() - start < timeout) {
    if (await conditionFn()) return true;
    await new Promise(resolve => setTimeout(resolve, interval));
  }
  throw new Error(`Condition not met within ${timeout}ms`);
}
```
Errors  : ["The process._getActiveHandles() example might not work in all JavaScript environments and is somewhat implementation-specific"]

[Computing Causal Collapse...]
  [Meta Pass] Thinking... 
{"evaluations": [
  {
    "name": "programming_correctness_check",
    "activation": 0.95,
    "reason": "The turn clearly involves programming code and technical implementations related to async race conditions. The response includes specific code examples for validating race condition hypotheses, with detailed technical explanations about promise handling, state modification tracking, and timing issues in asynchronous code."
  }
]}[0m

  [Meta Pass] Thinking... 
{
  "turn_quality": 0.9,
  "new_predicate": null,
  "reinforced": ["programming_correctness_check"],
  "reasoning": "The turn went well overall. The programming_correctness_check predicate was effective in helping produce a technically sound response about race conditions in async code. The agent correctly identified three common race condition scenarios and provided specific validation steps for each, including code examples. The agent also appropriately self-assessed, noting a potential issue with the process._getActiveHandles() example being environment-specific. No new predicates are needed as the existing one adequately covered the technical programming domain."
}[0m

n★ turn 2 | n=1 | predicates=1 | gate=VERIFY | no new predicate

=== Turn Result ===
Collapse Hash : 1174a7a81b7444d0
Coordinate    : Event 2 [[2]] at intensity 0.95
Dimensionality: 1 active predicates
Gates         : VERIFY
Reinforced    : programming_correctness_check
Reasoning     : The turn went well overall. The programming_correctness_check predicate was effective in helping produce a technically sound response about race conditions in async code. The agent correctly identified three common race condition scenarios and provided specific validation steps for each, including code examples. The agent also appropriately self-assessed, noting a potential issue with the process._getActiveHandles() example being environment-specific. No new predicates are needed as the existing one adequately covered the technical programming domain.


=== TURN 3 ===
PROMPT: A parser now rejects valid UTF-8 input after a refactor. Provide a minimal triage plan with first checks and likely root-cause classes.

[Executing Task via LM...]
{
  "response": "# UTF-8 Parser Triage Plan\n\n## Initial Checks\n\n1. **Verify the issue with a minimal test case**\n   - Create a simple UTF-8 string with various character types (ASCII, 2-byte, 3-byte, 4-byte UTF-8 sequences)\n   - Confirm which specific UTF-8 patterns are failing and which are passing\n   - Determine if the failure is consistent or occurs only with certain character sequences\n\n2. **Examine the refactor changes**\n   - Review the specific code changes in the refactoring that touched UTF-8 handling\n   - Look for changes in buffer handling, byte processing, or character boundary detection\n   - Check for changes in error handling logic\n\n## Likely Root Cause Classes\n\n1. **Byte Sequence Handling**\n   - Incorrect handling of multi-byte sequences (2, 3, or 4 bytes)\n   - Improper continuation byte validation\n   - Confusion between byte count and character count\n\n2. **Buffer Management Issues**\n   - Buffer size calculations that don't account for multi-byte characters\n   - Premature buffer termination cutting off multi-byte sequences\n   - Incorrect boundary handling when reading chunks of data\n\n3. **State Machine Problems**\n   - Incorrect state transitions in the UTF-8 decoding state machine\n   - Missing state handling for specific byte patterns\n   - Improper reset of state between processing segments\n\n4. **Validation Logic Errors**\n   - Overly strict validation rejecting valid sequences\n   - Incorrect bit masking or shifting operations\n   - Confusion between UTF-8, UTF-16, or other encoding rules\n\n5. **Character Range Validation**\n   - Incorrect handling of code point ranges (e.g., surrogate pairs, non-characters)\n   - Misinterpreting valid but uncommon code points as errors\n\n## First Debugging Steps\n\n1. Add logging to show the exact byte sequences being processed when rejection occurs\n2. Compare the parser's behavior before and after the refactor using identical inputs\n3. Create unit tests for specific UTF-8 edge cases (overlong encodings, maximum code points, etc.)\n4. Check for off-by-one errors in multi-byte sequence handling\n5. Verify correct handling of the UTF-8 byte order mark (BOM) if applicable",
  "utir_operations": [],
  "actions": [
    "Analyzed potential UTF-8 parsing issues",
    "Created a structured triage plan",
    "Identified likely root cause categories",
    "Suggested specific debugging steps"
  ],
  "quality": 0.95,
  "errors": [
    "Without seeing the specific code, some suggested causes might not apply to this particular implementation"
  ]
}

Response: # UTF-8 Parser Triage Plan

## Initial Checks

1. **Verify the issue with a minimal test case**
   - Create a simple UTF-8 string with various character types (ASCII, 2-byte, 3-byte, 4-byte UTF-8 sequences)
   - Confirm which specific UTF-8 patterns are failing and which are passing
   - Determine if the failure is consistent or occurs only with certain character sequences

2. **Examine the refactor changes**
   - Review the specific code changes in the refactoring that touched UTF-8 handling
   - Look for changes in buffer handling, byte processing, or character boundary detection
   - Check for changes in error handling logic

## Likely Root Cause Classes

1. **Byte Sequence Handling**
   - Incorrect handling of multi-byte sequences (2, 3, or 4 bytes)
   - Improper continuation byte validation
   - Confusion between byte count and character count

2. **Buffer Management Issues**
   - Buffer size calculations that don't account for multi-byte characters
   - Premature buffer termination cutting off multi-byte sequences
   - Incorrect boundary handling when reading chunks of data

3. **State Machine Problems**
   - Incorrect state transitions in the UTF-8 decoding state machine
   - Missing state handling for specific byte patterns
   - Improper reset of state between processing segments

4. **Validation Logic Errors**
   - Overly strict validation rejecting valid sequences
   - Incorrect bit masking or shifting operations
   - Confusion between UTF-8, UTF-16, or other encoding rules

5. **Character Range Validation**
   - Incorrect handling of code point ranges (e.g., surrogate pairs, non-characters)
   - Misinterpreting valid but uncommon code points as errors

## First Debugging Steps

1. Add logging to show the exact byte sequences being processed when rejection occurs
2. Compare the parser's behavior before and after the refactor using identical inputs
3. Create unit tests for specific UTF-8 edge cases (overlong encodings, maximum code points, etc.)
4. Check for off-by-one errors in multi-byte sequence handling
5. Verify correct handling of the UTF-8 byte order mark (BOM) if applicable
Errors  : ["Without seeing the specific code, some suggested causes might not apply to this particular implementation"]

[Computing Causal Collapse...]
  [Meta Pass] Thinking... 
{"evaluations": [
  {
    "name": "programming_correctness_check",
    "activation": 0.9,
    "reason": "The query directly involves a technical programming issue (UTF-8 parser bug) and the response provides a structured debugging approach with specific technical considerations about UTF-8 encoding, buffer management, and parser implementation details that could be verified for correctness."
  }
]}[0m

  [Meta Pass] Thinking... 
{
  "turn_quality": 0.95,
  "new_predicate": null,
  "reinforced": ["programming_correctness_check"],
  "reasoning": "The response was comprehensive and technically sound for debugging a UTF-8 parser issue. It provided a structured triage plan with initial checks, likely root causes, and specific debugging steps. The programming_correctness_check predicate was effective in ensuring technical accuracy in the domain-specific response. The self-assessment was appropriate, acknowledging the limitation of not having the specific code. No new predicates are needed as the existing one adequately covered the technical programming domain requirements."
}[0m

n★ turn 3 | n=1 | predicates=1 | gate=VERIFY | no new predicate

=== Turn Result ===
Collapse Hash : c3f8a89b69d07adc
Coordinate    : Event 2 [[2]] at intensity 0.90
Dimensionality: 1 active predicates
Gates         : VERIFY
Reinforced    : programming_correctness_check
Reasoning     : The response was comprehensive and technically sound for debugging a UTF-8 parser issue. It provided a structured triage plan with initial checks, likely root causes, and specific debugging steps. The programming_correctness_check predicate was effective in ensuring technical accuracy in the domain-specific response. The self-assessment was appropriate, acknowledging the limitation of not having the specific code. No new predicates are needed as the existing one adequately covered the technical programming domain requirements.


=== TURN 4 ===
PROMPT: An API latency jumped from 80ms to 600ms after adding metrics. Give a debugging sequence that separates measurement overhead from real regression.

[Executing Task via LM...]
{
  "response": "# Debugging API Latency Increase After Adding Metrics\n\nWhen API latency jumps significantly after adding metrics, it's important to determine whether the slowdown is due to the measurement overhead itself or a real performance regression. Here's a systematic debugging sequence to isolate the cause:\n\n## 1. Baseline Measurement\n- Confirm the baseline metrics: 80ms before changes, 600ms after\n- Verify the test conditions are identical (same load, same environment)\n\n## 2. Isolate Metrics Collection Impact\n- **Disable metrics temporarily**: Turn off the new metrics while keeping code changes to see if performance returns to normal\n- **Selective enablement**: Enable metrics one by one to identify which specific metric(s) cause the most overhead\n\n## 3. Analyze Metrics Implementation\n- **Examine synchronous vs. asynchronous collection**: Check if metrics are collected synchronously, blocking the main request path\n- **Look for lock contention**: Determine if shared resources are causing thread blocking\n- **Check for expensive operations**: Identify any metrics that compute complex values or perform I/O\n\n## 4. Profile the Application\n- Run a profiler (e.g., pprof, JProfiler, etc.) with and without metrics\n- Compare flame graphs to identify where time is being spent\n- Look for unexpected hot spots in the code\n\n## 5. Targeted Experiments\n- **Stub out metrics**: Replace actual metrics with no-op implementations to measure framework overhead\n- **Simulate metrics work**: Add equivalent computational load without actual metrics to test if it's a general resource issue\n\n## 6. Optimize Based on Findings\n- Move metrics collection off the critical path (background processing)\n- Buffer metrics and flush periodically rather than immediately\n- Sample metrics instead of collecting on every request\n- Use more efficient data structures or algorithms for metrics collection\n\n## 7. Validate Improvements\n- Implement optimizations one at a time and measure impact\n- Ensure metrics accuracy is maintained while reducing overhead\n\nThis systematic approach will help determine whether the latency increase is due to measurement overhead that can be optimized, or if the metrics are revealing a genuine performance issue that was previously hidden.",
  "utir_operations": [],
  "actions": [
    "Outlined a debugging strategy to isolate metrics overhead from real performance issues",
    "Provided a step-by-step approach to diagnose API latency increase",
    "Suggested specific techniques to measure and reduce metrics collection overhead",
    "Recommended profiling and targeted experiments to pinpoint the cause",
    "Proposed optimization strategies based on potential findings"
  ],
  "quality": 0.95,
  "errors": [
    "Could be more specific to certain technology stacks (e.g., specific profiling tools for Java vs. Go)",
    "Didn't address potential distributed tracing complexities in microservice architectures"
  ]
}

Response: # Debugging API Latency Increase After Adding Metrics

When API latency jumps significantly after adding metrics, it's important to determine whether the slowdown is due to the measurement overhead itself or a real performance regression. Here's a systematic debugging sequence to isolate the cause:

## 1. Baseline Measurement
- Confirm the baseline metrics: 80ms before changes, 600ms after
- Verify the test conditions are identical (same load, same environment)

## 2. Isolate Metrics Collection Impact
- **Disable metrics temporarily**: Turn off the new metrics while keeping code changes to see if performance returns to normal
- **Selective enablement**: Enable metrics one by one to identify which specific metric(s) cause the most overhead

## 3. Analyze Metrics Implementation
- **Examine synchronous vs. asynchronous collection**: Check if metrics are collected synchronously, blocking the main request path
- **Look for lock contention**: Determine if shared resources are causing thread blocking
- **Check for expensive operations**: Identify any metrics that compute complex values or perform I/O

## 4. Profile the Application
- Run a profiler (e.g., pprof, JProfiler, etc.) with and without metrics
- Compare flame graphs to identify where time is being spent
- Look for unexpected hot spots in the code

## 5. Targeted Experiments
- **Stub out metrics**: Replace actual metrics with no-op implementations to measure framework overhead
- **Simulate metrics work**: Add equivalent computational load without actual metrics to test if it's a general resource issue

## 6. Optimize Based on Findings
- Move metrics collection off the critical path (background processing)
- Buffer metrics and flush periodically rather than immediately
- Sample metrics instead of collecting on every request
- Use more efficient data structures or algorithms for metrics collection

## 7. Validate Improvements
- Implement optimizations one at a time and measure impact
- Ensure metrics accuracy is maintained while reducing overhead

This systematic approach will help determine whether the latency increase is due to measurement overhead that can be optimized, or if the metrics are revealing a genuine performance issue that was previously hidden.
Errors  : ["Could be more specific to certain technology stacks (e.g., specific profiling tools for Java vs. Go)", "Didn't address potential distributed tracing complexities in microservice architectures"]

[Computing Causal Collapse...]
  [Meta Pass] Thinking... 
{"evaluations": [
  {
    "name": "programming_correctness_check",
    "activation": 0.9,
    "reason": "The query directly involves debugging a technical performance issue in code, with a systematic approach to verify correctness of both the metrics implementation and underlying API. The response provides a structured debugging methodology that would help verify correctness of the implementation."
  }
]}[0m

  [Meta Pass] Thinking... 
{
  "turn_quality": 0.9,
  "new_predicate": {
    "name": "performance_analysis_check",
    "activation_condition": "The query involves performance debugging, optimization, or analysis of system performance metrics",
    "gate_type": "verify",
    "threshold": 0.7,
    "reason": "The current turn involved detailed performance debugging which requires specialized knowledge about performance analysis methodologies, profiling techniques, and optimization strategies. While the programming_correctness_check is relevant, it doesn't specifically target the performance analysis domain."
  },
  "reinforced": ["programming_correctness_check"],
  "reasoning": "The response was comprehensive and methodical in addressing the performance debugging task, showing strong technical reasoning. The programming_correctness_check predicate helped ensure technical accuracy, but a dedicated performance_analysis_check would better capture the specialized knowledge needed for performance debugging scenarios, including profiling techniques, measurement methodologies, and optimization strategies."
}[0m

n★ turn 4 | n=1 | predicates=2 | gate=VERIFY | NEW: performance_analysis_check

=== Turn Result ===
Collapse Hash : af33e9603a1a5572
Coordinate    : Event 2 [[2]] at intensity 0.90
Dimensionality: 1 active predicates
Gates         : VERIFY
Reinforced    : programming_correctness_check
Discovered    : performance_analysis_check (Gate: Verify)
Reasoning     : The response was comprehensive and methodical in addressing the performance debugging task, showing strong technical reasoning. The programming_correctness_check predicate helped ensure technical accuracy, but a dedicated performance_analysis_check would better capture the specialized knowledge needed for performance debugging scenarios, including profiling techniques, measurement methodologies, and optimization strategies.

