
=== TURN 1 ===
PROMPT: You are reviewing a Rust function that loops `for i in 0..=items.len()` and indexes `items[i]`. Explain the likely bug and the minimal fix.

[Executing Task via LM...]
{
  "response": "The bug in this Rust function is an out-of-bounds access that will cause a panic at runtime. \n\nWhen looping with `for i in 0..=items.len()`, the range includes `items.len()` because of the `=` in `..=` (inclusive range). However, in zero-indexed arrays like those in Rust, valid indices are from `0` to `items.len() - 1`. When the loop tries to access `items[items.len()]`, it will attempt to access an element beyond the end of the array, causing a runtime panic with an error like \"index out of bounds\".\n\nThere are two minimal fixes:\n\n1. Change the range to be exclusive of the length: `for i in 0..items.len()`\n   This uses the exclusive range operator `..` which will iterate from 0 to `items.len() - 1`.\n\n2. Or, if you actually need to include the length in the iteration for some reason (rare), change the loop to:\n   ```rust\n   for i in 0..=items.len() {\n       if i < items.len() {\n           // Use items[i]\n       } else {\n           // Handle the case where i == items.len()\n       }\n   }\n   ```\n\nThe first option is almost always the correct fix, as it's rare to need to iterate to the length of an array and then do something special at that index.",
  "utir_operations": [],
  "actions": ["Analyzed the Rust code pattern", "Identified out-of-bounds access bug", "Provided two possible fixes with explanations"],
  "quality": 0.95,
  "errors": ["Without seeing the full function, I can't be certain about the intended behavior at the boundary condition"]
}

Response: The bug in this Rust function is an out-of-bounds access that will cause a panic at runtime. 

When looping with `for i in 0..=items.len()`, the range includes `items.len()` because of the `=` in `..=` (inclusive range). However, in zero-indexed arrays like those in Rust, valid indices are from `0` to `items.len() - 1`. When the loop tries to access `items[items.len()]`, it will attempt to access an element beyond the end of the array, causing a runtime panic with an error like "index out of bounds".

There are two minimal fixes:

1. Change the range to be exclusive of the length: `for i in 0..items.len()`
   This uses the exclusive range operator `..` which will iterate from 0 to `items.len() - 1`.

2. Or, if you actually need to include the length in the iteration for some reason (rare), change the loop to:
   ```rust
   for i in 0..=items.len() {
       if i < items.len() {
           // Use items[i]
       } else {
           // Handle the case where i == items.len()
       }
   }
   ```

The first option is almost always the correct fix, as it's rare to need to iterate to the length of an array and then do something special at that index.
Errors  : ["Without seeing the full function, I can't be certain about the intended behavior at the boundary condition"]

[Computing Causal Collapse...]
  [Meta Pass] Thinking... 
{
  "turn_quality": 0.95,
  "new_predicate": {
    "name": "code_safety_check",
    "activation_condition": "The query involves code with potential safety or correctness issues like indexing, bounds, null checks, or memory management",
    "gate_type": "verify",
    "threshold": 0.7,
    "reason": "The turn involved identifying a critical safety issue (out-of-bounds access) in Rust code. A verification step would help ensure the diagnosis is correct and the proposed fixes are safe and complete."
  },
  "reinforced": [],
  "reasoning": "The response correctly identified the out-of-bounds error in the Rust code and provided appropriate fixes with explanations. However, a dedicated predicate for code safety issues would be valuable since these problems can have serious consequences if misdiagnosed. The high turn quality reflects the accurate technical analysis, though there was appropriate acknowledgment of uncertainty without seeing the full function context."
}[0m

n★ turn 1 | n=0 | predicates=1 | gate=CLEAR: proceed | NEW: code_safety_check

=== Turn Result ===
Collapse Hash : 55f0183021ca021d
Coordinate    : Event 1 [[]] at intensity 0.00
Dimensionality: 0 active predicates
Gates         : CLEAR: proceed
Discovered    : code_safety_check (Gate: Verify)
Reasoning     : The response correctly identified the out-of-bounds error in the Rust code and provided appropriate fixes with explanations. However, a dedicated predicate for code safety issues would be valuable since these problems can have serious consequences if misdiagnosed. The high turn quality reflects the accurate technical analysis, though there was appropriate acknowledgment of uncertainty without seeing the full function context.


=== TURN 2 ===
PROMPT: Given a flaky unit test that fails 1/20 times after introducing async tasks, list the top 3 race-condition hypotheses and one validation step for each.

[Executing Task via LM...]
{
  "response": "# Top 3 Race Condition Hypotheses for Flaky Async Unit Test\n\n## Hypothesis 1: Unresolved Promises\n**Description**: The test may be completing before all asynchronous operations have resolved. This happens when the test framework doesn't properly wait for all promises to settle.\n\n**Validation Step**: Wrap the test in an async function and ensure all promises are properly awaited. You can also add explicit waiting using `await Promise.all([...])` for multiple concurrent operations or implement a test helper that ensures all async operations complete before assertions run.\n\n```javascript\n// Before\nit('should process data', () => {\n  someAsyncOperation();\n  expect(result).toBe(expected); // May run before async operation completes\n});\n\n// After\nit('should process data', async () => {\n  await someAsyncOperation();\n  expect(result).toBe(expected); // Runs after async operation completes\n});\n```\n\n## Hypothesis 2: Shared State Between Tests\n**Description**: Tests may be sharing state (like database connections, global variables, or static resources) that gets modified asynchronously by other tests running in parallel.\n\n**Validation Step**: Isolate the test by running it alone with increased repetitions. If it passes consistently when run in isolation but fails in the full suite, implement proper setup/teardown to reset shared state between tests.\n\n```javascript\n// Add proper setup/teardown\nbeforeEach(async () => {\n  // Reset the shared state\n  await resetDatabase();\n  globalState = initialValue;\n});\n\nafterEach(async () => {\n  // Clean up resources\n  await closeConnections();\n});\n```\n\n## Hypothesis 3: Timing-Dependent Assertions\n**Description**: The test may contain assertions that depend on specific timing or order of operations that isn't guaranteed in an asynchronous environment.\n\n**Validation Step**: Implement deterministic waiting mechanisms instead of relying on timing. Use event listeners, callbacks, or polling to ensure the system is in the expected state before making assertions.\n\n```javascript\n// Before - implicit timing dependency\nit('should update UI after data loads', async () => {\n  triggerDataLoad();\n  await sleep(100); // Arbitrary delay\n  expect(element.text()).toBe('Loaded'); // May fail if loading takes longer\n});\n\n// After - explicit state waiting\nit('should update UI after data loads', async () => {\n  triggerDataLoad();\n  await waitForCondition(() => element.text() === 'Loaded');\n  expect(element.text()).toBe('Loaded');\n});\n\n// Helper function\nasync function waitForCondition(condition, timeout = 1000, interval = 10) {\n  const startTime = Date.now();\n  while (Date.now() - startTime < timeout) {\n    if (condition()) return;\n    await new Promise(resolve => setTimeout(resolve, interval));\n  }\n  throw new Error('Condition not met within timeout');\n}\n```\n\nEach of these hypotheses addresses a common pattern in flaky async tests, and the validation steps provide concrete ways to identify and fix the underlying issues.",
  "utir_operations": [],
  "actions": ["Analyzed common race condition patterns in async tests", "Provided three hypotheses with detailed explanations", "Created validation steps with code examples for each hypothesis"],
  "quality": 0.95,
  "errors": ["Could be more specific without knowing the exact test framework or language being used"]
}

Response: # Top 3 Race Condition Hypotheses for Flaky Async Unit Test

## Hypothesis 1: Unresolved Promises
**Description**: The test may be completing before all asynchronous operations have resolved. This happens when the test framework doesn't properly wait for all promises to settle.

**Validation Step**: Wrap the test in an async function and ensure all promises are properly awaited. You can also add explicit waiting using `await Promise.all([...])` for multiple concurrent operations or implement a test helper that ensures all async operations complete before assertions run.

```javascript
// Before
it('should process data', () => {
  someAsyncOperation();
  expect(result).toBe(expected); // May run before async operation completes
});

// After
it('should process data', async () => {
  await someAsyncOperation();
  expect(result).toBe(expected); // Runs after async operation completes
});
```

## Hypothesis 2: Shared State Between Tests
**Description**: Tests may be sharing state (like database connections, global variables, or static resources) that gets modified asynchronously by other tests running in parallel.

**Validation Step**: Isolate the test by running it alone with increased repetitions. If it passes consistently when run in isolation but fails in the full suite, implement proper setup/teardown to reset shared state between tests.

```javascript
// Add proper setup/teardown
beforeEach(async () => {
  // Reset the shared state
  await resetDatabase();
  globalState = initialValue;
});

afterEach(async () => {
  // Clean up resources
  await closeConnections();
});
```

## Hypothesis 3: Timing-Dependent Assertions
**Description**: The test may contain assertions that depend on specific timing or order of operations that isn't guaranteed in an asynchronous environment.

**Validation Step**: Implement deterministic waiting mechanisms instead of relying on timing. Use event listeners, callbacks, or polling to ensure the system is in the expected state before making assertions.

```javascript
// Before - implicit timing dependency
it('should update UI after data loads', async () => {
  triggerDataLoad();
  await sleep(100); // Arbitrary delay
  expect(element.text()).toBe('Loaded'); // May fail if loading takes longer
});

// After - explicit state waiting
it('should update UI after data loads', async () => {
  triggerDataLoad();
  await waitForCondition(() => element.text() === 'Loaded');
  expect(element.text()).toBe('Loaded');
});

// Helper function
async function waitForCondition(condition, timeout = 1000, interval = 10) {
  const startTime = Date.now();
  while (Date.now() - startTime < timeout) {
    if (condition()) return;
    await new Promise(resolve => setTimeout(resolve, interval));
  }
  throw new Error('Condition not met within timeout');
}
```

Each of these hypotheses addresses a common pattern in flaky async tests, and the validation steps provide concrete ways to identify and fix the underlying issues.
Errors  : ["Could be more specific without knowing the exact test framework or language being used"]

[Computing Causal Collapse...]
  [Meta Pass] Thinking... 
{
  "turn_quality": 0.95,
  "new_predicate": {
    "name": "technical_accuracy_check",
    "activation_condition": "The prompt requests technical advice, debugging help, or code-related solutions",
    "gate_type": "verify",
    "threshold": 0.7,
    "reason": "The response provided technical advice about async race conditions that should be verified for accuracy. While the answer appears solid, having a verification step for technical content would ensure correctness."
  },
  "reinforced": [],
  "reasoning": "The response was comprehensive and well-structured, providing three clear hypotheses with validation steps and code examples for a technical question about race conditions in async tests. The self-assessment correctly identified that without knowing the specific test framework or language, some advice might need to be adapted. A technical accuracy verification predicate would be valuable for future technical questions."
}[0m

n★ turn 1 | n=0 | predicates=1 | gate=CLEAR: proceed | NEW: technical_accuracy_check

=== Turn Result ===
Collapse Hash : 1049fd12bcc1021e
Coordinate    : Event 1 [[]] at intensity 0.00
Dimensionality: 0 active predicates
Gates         : CLEAR: proceed
Discovered    : technical_accuracy_check (Gate: Verify)
Reasoning     : The response was comprehensive and well-structured, providing three clear hypotheses with validation steps and code examples for a technical question about race conditions in async tests. The self-assessment correctly identified that without knowing the specific test framework or language, some advice might need to be adapted. A technical accuracy verification predicate would be valuable for future technical questions.


=== TURN 3 ===
PROMPT: A parser now rejects valid UTF-8 input after a refactor. Provide a minimal triage plan with first checks and likely root-cause classes.

[Executing Task via LM...]
{
  "response": "# UTF-8 Parser Triage Plan\n\n## Initial Checks\n\n1. **Identify the specific refactor changes**\n   - Review the diff/commit that introduced the regression\n   - Focus on encoding handling, buffer management, and character processing logic\n\n2. **Verify the rejection pattern**\n   - Determine if all UTF-8 input is rejected or only specific patterns\n   - Check if the rejection happens at specific character positions or byte sequences\n   - Test with simple vs. complex UTF-8 sequences (1-byte, 2-byte, 3-byte, 4-byte characters)\n\n3. **Examine error messages/logs**\n   - Analyze any error messages for clues about where validation is failing\n   - Look for specific byte offsets or character codes in the errors\n\n## Likely Root Causes\n\n1. **Byte Order Mark (BOM) handling**\n   - The refactor may have changed how the UTF-8 BOM (EF BB BF) is processed\n   - Check if BOM detection/skipping logic was modified\n\n2. **Buffer boundary issues**\n   - UTF-8 multi-byte characters might be split across buffer boundaries\n   - The refactor may have broken the logic that handles partial characters at buffer edges\n\n3. **Validation strictness changes**\n   - The refactor may have inadvertently increased validation strictness\n   - Look for changes in code that validates UTF-8 sequences\n   - Check for new validation rules that reject technically valid but uncommon sequences\n\n4. **Character width calculation**\n   - Incorrect calculation of character widths or buffer sizes\n   - The refactor might have introduced off-by-one errors in byte counting\n\n5. **Encoding detection logic**\n   - Changes to how the parser detects or confirms UTF-8 encoding\n   - Auto-detection might be failing or defaulting to another encoding\n\n6. **Memory management issues**\n   - Changes to allocation/deallocation that affect string processing\n   - Buffer overruns or underruns that corrupt UTF-8 sequences\n\n## First Debugging Steps\n\n1. Create minimal test cases with different UTF-8 patterns (ASCII, 2-byte, 3-byte, 4-byte characters)\n2. Add logging/instrumentation at key points in the parsing pipeline\n3. Compare byte-by-byte processing between old and new versions\n4. Check for any changes in character encoding libraries or dependencies\n5. Review any assumptions about string lengths vs. byte lengths\n\nThis methodical approach should help quickly identify the class of problem causing the regression.",
  "utir_operations": [],
  "actions": [
    "Analyzed potential UTF-8 parsing issues after refactoring",
    "Identified key initial checks to perform",
    "Categorized likely root causes",
    "Outlined debugging steps"
  ],
  "quality": 0.95,
  "errors": [
    "Without specific details about the parser implementation language or framework, some suggestions may need adaptation"
  ]
}

Response: # UTF-8 Parser Triage Plan

## Initial Checks

1. **Identify the specific refactor changes**
   - Review the diff/commit that introduced the regression
   - Focus on encoding handling, buffer management, and character processing logic

2. **Verify the rejection pattern**
   - Determine if all UTF-8 input is rejected or only specific patterns
   - Check if the rejection happens at specific character positions or byte sequences
   - Test with simple vs. complex UTF-8 sequences (1-byte, 2-byte, 3-byte, 4-byte characters)

3. **Examine error messages/logs**
   - Analyze any error messages for clues about where validation is failing
   - Look for specific byte offsets or character codes in the errors

## Likely Root Causes

1. **Byte Order Mark (BOM) handling**
   - The refactor may have changed how the UTF-8 BOM (EF BB BF) is processed
   - Check if BOM detection/skipping logic was modified

2. **Buffer boundary issues**
   - UTF-8 multi-byte characters might be split across buffer boundaries
   - The refactor may have broken the logic that handles partial characters at buffer edges

3. **Validation strictness changes**
   - The refactor may have inadvertently increased validation strictness
   - Look for changes in code that validates UTF-8 sequences
   - Check for new validation rules that reject technically valid but uncommon sequences

4. **Character width calculation**
   - Incorrect calculation of character widths or buffer sizes
   - The refactor might have introduced off-by-one errors in byte counting

5. **Encoding detection logic**
   - Changes to how the parser detects or confirms UTF-8 encoding
   - Auto-detection might be failing or defaulting to another encoding

6. **Memory management issues**
   - Changes to allocation/deallocation that affect string processing
   - Buffer overruns or underruns that corrupt UTF-8 sequences

## First Debugging Steps

1. Create minimal test cases with different UTF-8 patterns (ASCII, 2-byte, 3-byte, 4-byte characters)
2. Add logging/instrumentation at key points in the parsing pipeline
3. Compare byte-by-byte processing between old and new versions
4. Check for any changes in character encoding libraries or dependencies
5. Review any assumptions about string lengths vs. byte lengths

This methodical approach should help quickly identify the class of problem causing the regression.
Errors  : ["Without specific details about the parser implementation language or framework, some suggestions may need adaptation"]

[Computing Causal Collapse...]
  [Meta Pass] Thinking... 
{
  "turn_quality": 0.9,
  "new_predicate": null,
  "reinforced": [],
  "reasoning": "The response was comprehensive and well-structured, providing a methodical triage plan for debugging a UTF-8 parser issue. It covered initial checks, likely root causes, and specific debugging steps. The response was appropriately technical and focused on the problem domain. No predicates were needed for this turn as the response was high quality without requiring special guardrails. The self-assessment was reasonable, acknowledging the limitation of not having specific implementation details."
}[0m

n★ turn 1 | n=0 | predicates=0 | gate=CLEAR: proceed | no new predicate

=== Turn Result ===
Collapse Hash : 758f573af468b5a1
Coordinate    : Event 1 [[]] at intensity 0.00
Dimensionality: 0 active predicates
Gates         : CLEAR: proceed
Reasoning     : The response was comprehensive and well-structured, providing a methodical triage plan for debugging a UTF-8 parser issue. It covered initial checks, likely root causes, and specific debugging steps. The response was appropriately technical and focused on the problem domain. No predicates were needed for this turn as the response was high quality without requiring special guardrails. The self-assessment was reasonable, acknowledging the limitation of not having specific implementation details.


=== TURN 4 ===
PROMPT: An API latency jumped from 80ms to 600ms after adding metrics. Give a debugging sequence that separates measurement overhead from real regression.

[Executing Task via LM...]
```json
{
  "response": "# Debugging API Latency Increase After Adding Metrics\n\nWhen API latency jumps significantly after adding metrics (80ms → 600ms), we need to systematically isolate whether the metrics collection itself is causing the slowdown or if it's revealing an underlying issue. Here's a debugging sequence to separate measurement overhead from real regression:\n\n## 1. Baseline Confirmation\n- Temporarily disable all new metrics to confirm the baseline performance returns to ~80ms\n- If performance returns to normal, the metrics implementation is the likely culprit\n- If performance remains slow, the metrics may have exposed an existing issue\n\n## 2. Incremental Metrics Addition\n- Re-enable metrics one by one or in logical groups\n- Measure latency after each addition\n- Identify which specific metric(s) correlate with the performance drop\n\n## 3. Metrics Implementation Analysis\n- For problematic metrics:\n  - Check for synchronous operations blocking the main execution path\n  - Look for expensive calculations or data processing\n  - Examine frequency of collection (per-request vs. sampled)\n  - Review any database or I/O operations triggered by metrics\n\n## 4. Profiling\n- Run CPU and memory profiling with and without metrics\n- Compare flame graphs to identify new hot spots\n- Look for unexpected function calls, garbage collection, or memory pressure\n\n## 5. Metrics Collection Architecture Review\n- Move metrics collection off the critical path (background processing)\n- Consider buffering/batching metrics before processing\n- Implement sampling for high-volume metrics (e.g., only measure 1% of requests)\n\n## 6. Specific Checks\n- Database connections: Check if metrics are creating new connections\n- Logging: Ensure metrics aren't triggering excessive logging\n- Third-party services: Verify if metrics call external services synchronously\n- Lock contention: Look for thread synchronization issues\n\n## 7. Optimization\n- For necessary but expensive metrics:\n  - Optimize the implementation\n  - Reduce collection frequency\n  - Move to asynchronous processing\n  - Consider more efficient data structures\n\nBy following this systematic approach, you can determine whether the latency increase is due to measurement overhead (the metrics implementation itself) or if the metrics have revealed an actual performance regression in the underlying system.",
  "utir_operations": [],
  "actions": [
    "Outlined a systematic debugging approach",
    "Provided a step-by-step methodology to isolate measurement overhead from real regression",
    "Included specific techniques for profiling and optimization"
  ],
  "quality": 0.95,
  "errors": [
    "Could provide more specific tooling examples for profiling in different languages/environments"
  ]
}
```

Response: # Debugging API Latency Increase After Adding Metrics

When API latency jumps significantly after adding metrics (80ms → 600ms), we need to systematically isolate whether the metrics collection itself is causing the slowdown or if it's revealing an underlying issue. Here's a debugging sequence to separate measurement overhead from real regression:

## 1. Baseline Confirmation
- Temporarily disable all new metrics to confirm the baseline performance returns to ~80ms
- If performance returns to normal, the metrics implementation is the likely culprit
- If performance remains slow, the metrics may have exposed an existing issue

## 2. Incremental Metrics Addition
- Re-enable metrics one by one or in logical groups
- Measure latency after each addition
- Identify which specific metric(s) correlate with the performance drop

## 3. Metrics Implementation Analysis
- For problematic metrics:
  - Check for synchronous operations blocking the main execution path
  - Look for expensive calculations or data processing
  - Examine frequency of collection (per-request vs. sampled)
  - Review any database or I/O operations triggered by metrics

## 4. Profiling
- Run CPU and memory profiling with and without metrics
- Compare flame graphs to identify new hot spots
- Look for unexpected function calls, garbage collection, or memory pressure

## 5. Metrics Collection Architecture Review
- Move metrics collection off the critical path (background processing)
- Consider buffering/batching metrics before processing
- Implement sampling for high-volume metrics (e.g., only measure 1% of requests)

## 6. Specific Checks
- Database connections: Check if metrics are creating new connections
- Logging: Ensure metrics aren't triggering excessive logging
- Third-party services: Verify if metrics call external services synchronously
- Lock contention: Look for thread synchronization issues

## 7. Optimization
- For necessary but expensive metrics:
  - Optimize the implementation
  - Reduce collection frequency
  - Move to asynchronous processing
  - Consider more efficient data structures

By following this systematic approach, you can determine whether the latency increase is due to measurement overhead (the metrics implementation itself) or if the metrics have revealed an actual performance regression in the underlying system.
Errors  : ["Could provide more specific tooling examples for profiling in different languages/environments"]

[Computing Causal Collapse...]
  [Meta Pass] Thinking... 
{
  "turn_quality": 0.9,
  "new_predicate": {
    "name": "technical_depth_check",
    "activation_condition": "The query involves technical troubleshooting, debugging, or system analysis",
    "gate_type": "verify",
    "threshold": 0.7,
    "reason": "The response required technical depth and systematic problem-solving. A verification step would ensure the debugging sequence is comprehensive, practical, and follows best practices for performance analysis."
  },
  "reinforced": [],
  "reasoning": "The response was strong overall, providing a systematic debugging approach with clear steps. However, as noted in the self-assessment, it could have included more specific tooling examples. For technical debugging scenarios like this, a verification predicate would help ensure responses include concrete tools, commands, or code examples relevant to the specific technical domain."
}[0m

n★ turn 1 | n=0 | predicates=1 | gate=CLEAR: proceed | NEW: technical_depth_check

=== Turn Result ===
Collapse Hash : 73fa1d8938100fdd
Coordinate    : Event 1 [[]] at intensity 0.00
Dimensionality: 0 active predicates
Gates         : CLEAR: proceed
Discovered    : technical_depth_check (Gate: Verify)
Reasoning     : The response was strong overall, providing a systematic debugging approach with clear steps. However, as noted in the self-assessment, it could have included more specific tooling examples. For technical debugging scenarios like this, a verification predicate would help ensure responses include concrete tools, commands, or code examples relevant to the specific technical domain.

