
=== TURN 1 ===
PROMPT: You are reviewing a Rust function that loops `for i in 0..=items.len()` and indexes `items[i]`. Explain the likely bug and the minimal fix.

[Executing Task via LM...]
{
  "response": "I've identified a critical bug in the Rust code that loops `for i in 0..=items.len()` and indexes `items[i]`.

## The Bug

The bug is an **out-of-bounds access** that will cause a runtime panic. The loop uses an inclusive range (`0..=items.len()`), which means:
- It starts at index 0
- It goes up to and *includes* `items.len()`

In Rust (and most programming languages), valid indices for a collection of length `n` are `0` to `n-1`. When the loop reaches `i = items.len()`, the code will attempt to access `items[items.len()]`, which is beyond the bounds of the collection.

## Minimal Fix

Change the loop from an inclusive range to an exclusive range:

```rust
// Before (buggy):
for i in 0..=items.len() {
    // This will panic when i == items.len()
    let item = items[i];
    // ...
}

// After (fixed):
for i in 0..items.len() {
    let item = items[i];
    // ...
}
```

Alternatively, if you need to include the length for some reason (which is unusual), you could use:

```rust
for i in 0..=items.len() {
    if i < items.len() {
        let item = items[i];
        // ...
    } else {
        // Handle the case where i == items.len()
    }
}
```

But in most cases, the exclusive range `0..items.len()` is what you want.",
  "utir_operations": [],
  "actions": ["Analyzed the Rust loop syntax", "Identified out-of-bounds access bug", "Provided minimal fix by changing inclusive range to exclusive range"],
  "quality": 1.0,
  "errors": []
}

Response: {
  "response": "I've identified a critical bug in the Rust code that loops `for i in 0..=items.len()` and indexes `items[i]`.

## The Bug

The bug is an **out-of-bounds access** that will cause a runtime panic. The loop uses an inclusive range (`0..=items.len()`), which means:
- It starts at index 0
- It goes up to and *includes* `items.len()`

In Rust (and most programming languages), valid indices for a collection of length `n` are `0` to `n-1`. When the loop reaches `i = items.len()`, the code will attempt to access `items[items.len()]`, which is beyond the bounds of the collection.

## Minimal Fix

Change the loop from an inclusive range to an exclusive range:

```rust
// Before (buggy):
for i in 0..=items.len() {
    // This will panic when i == items.len()
    let item = items[i];
    // ...
}

// After (fixed):
for i in 0..items.len() {
    let item = items[i];
    // ...
}
```

Alternatively, if you need to include the length for some reason (which is unusual), you could use:

```rust
for i in 0..=items.len() {
    if i < items.len() {
        let item = items[i];
        // ...
    } else {
        // Handle the case where i == items.len()
    }
}
```

But in most cases, the exclusive range `0..items.len()` is what you want.",
  "utir_operations": [],
  "actions": ["Analyzed the Rust loop syntax", "Identified out-of-bounds access bug", "Provided minimal fix by changing inclusive range to exclusive range"],
  "quality": 1.0,
  "errors": []
}
Errors  : ["Failed to parse json response"]

[Computing Causal Collapse...]
  [Meta Pass] Thinking... 
{
  "turn_quality": 0.9,
  "new_predicate": {
    "name": "code_analysis_safety",
    "activation_condition": "The prompt involves analyzing or fixing code, especially with potential safety issues like bounds checking, memory management, or concurrency",
    "gate_type": "verify",
    "threshold": 0.7,
    "reason": "The turn involved analyzing a Rust bounds-checking bug, which is a safety-critical issue. A verification step would ensure the analysis is correct and the proposed fix is safe."
  },
  "reinforced": [],
  "reasoning": "The response was technically excellent, correctly identifying the out-of-bounds access bug in the Rust code and providing appropriate fixes. However, the response format was incorrect - it included a JSON-like structure that wasn't requested in the prompt. This suggests a need for a predicate that helps verify responses when analyzing code, especially for safety-critical issues like bounds checking in Rust."
}[0m

n★ turn 1 | n=0 | predicates=1 | gate=CLEAR: proceed | NEW: code_analysis_safety

=== Turn Result ===
Collapse Hash : 2a43f7c90e5f6ea2
Coordinate    : Event 1 [[]] at intensity 0.00
Dimensionality: 0 active predicates
Gates         : CLEAR: proceed
Discovered    : code_analysis_safety (Gate: Verify)
Reasoning     : The response was technically excellent, correctly identifying the out-of-bounds access bug in the Rust code and providing appropriate fixes. However, the response format was incorrect - it included a JSON-like structure that wasn't requested in the prompt. This suggests a need for a predicate that helps verify responses when analyzing code, especially for safety-critical issues like bounds checking in Rust.


=== TURN 2 ===
PROMPT: Given a flaky unit test that fails 1/20 times after introducing async tasks, list the top 3 race-condition hypotheses and one validation step for each.

[Executing Task via LM...]
{
  "response": "# Top 3 Race Condition Hypotheses for Flaky Async Test\n\n## Hypothesis 1: Uncontrolled Task Completion Order\n**Description**: The test may be assuming tasks complete in a specific order, but async execution allows them to finish in any order.\n\n**Validation Step**: Modify the test to use `await Promise.all([task1, task2, ...])` to ensure all tasks complete before assertions, or add explicit sequencing with individual awaits if order matters. Then run the test in a loop (100+ iterations) to see if flakiness is resolved.\n\n## Hypothesis 2: Shared State Modification\n**Description**: Multiple async tasks might be modifying the same state (variables, database records, etc.) without proper synchronization.\n\n**Validation Step**: Add logging to track the sequence of state changes with timestamps and task identifiers. Run the test repeatedly until it fails, then analyze logs to identify overlapping state modifications. Look for patterns where the test passes when operations occur in one sequence but fails in another.\n\n## Hypothesis 3: Timing-Dependent Assertions\n**Description**: The test may be making assertions before async operations have fully completed their side effects.\n\n**Validation Step**: Implement artificial delays using `setTimeout` or similar mechanisms before assertions (e.g., `await new Promise(resolve => setTimeout(resolve, 100))`). If the test becomes more reliable with delays, this confirms timing issues. Then replace with proper async handling like event listeners or completion callbacks.",
  "utir_operations": [],
  "actions": [
    "Analyzed potential race conditions in flaky async tests",
    "Identified three common patterns that cause intermittent failures",
    "Provided specific validation techniques for each hypothesis"
  ],
  "quality": 0.95,
  "errors": ["Could provide more language/framework-specific examples if the test context was known"]
}

Response: # Top 3 Race Condition Hypotheses for Flaky Async Test

## Hypothesis 1: Uncontrolled Task Completion Order
**Description**: The test may be assuming tasks complete in a specific order, but async execution allows them to finish in any order.

**Validation Step**: Modify the test to use `await Promise.all([task1, task2, ...])` to ensure all tasks complete before assertions, or add explicit sequencing with individual awaits if order matters. Then run the test in a loop (100+ iterations) to see if flakiness is resolved.

## Hypothesis 2: Shared State Modification
**Description**: Multiple async tasks might be modifying the same state (variables, database records, etc.) without proper synchronization.

**Validation Step**: Add logging to track the sequence of state changes with timestamps and task identifiers. Run the test repeatedly until it fails, then analyze logs to identify overlapping state modifications. Look for patterns where the test passes when operations occur in one sequence but fails in another.

## Hypothesis 3: Timing-Dependent Assertions
**Description**: The test may be making assertions before async operations have fully completed their side effects.

**Validation Step**: Implement artificial delays using `setTimeout` or similar mechanisms before assertions (e.g., `await new Promise(resolve => setTimeout(resolve, 100))`). If the test becomes more reliable with delays, this confirms timing issues. Then replace with proper async handling like event listeners or completion callbacks.
Errors  : ["Could provide more language/framework-specific examples if the test context was known"]

[Computing Causal Collapse...]
  [Meta Pass] Thinking... 
{"evaluations": [
  {
    "name": "code_analysis_safety",
    "activation": 0.7,
    "reason": "The prompt involves analyzing code issues (race conditions in async code) and suggesting fixes, which relates to code safety. While not explicitly about memory management or bounds checking, it addresses concurrency issues which are a significant safety concern in async programming."
  }
]}[0m

  [Meta Pass] Thinking... 
{
  "turn_quality": 0.95,
  "new_predicate": null,
  "reinforced": ["code_analysis_safety"],
  "reasoning": "The turn went very well. The code_analysis_safety predicate was effective as the response provided thoughtful, technically sound advice about race conditions in async code without introducing any security risks. The response included three well-reasoned hypotheses with practical validation steps for each. The self-assessment was appropriate, noting that more specific examples could have been provided with additional context. No new predicates are needed as the existing one adequately covered this technical programming scenario."
}[0m

n★ turn 2 | n=1 | predicates=1 | gate=VERIFY | no new predicate

=== Turn Result ===
Collapse Hash : d1f0ebe1cfe51824
Coordinate    : Event 2 [[2]] at intensity 0.70
Dimensionality: 1 active predicates
Gates         : VERIFY
Reinforced    : code_analysis_safety
Reasoning     : The turn went very well. The code_analysis_safety predicate was effective as the response provided thoughtful, technically sound advice about race conditions in async code without introducing any security risks. The response included three well-reasoned hypotheses with practical validation steps for each. The self-assessment was appropriate, noting that more specific examples could have been provided with additional context. No new predicates are needed as the existing one adequately covered this technical programming scenario.


=== TURN 3 ===
PROMPT: A parser now rejects valid UTF-8 input after a refactor. Provide a minimal triage plan with first checks and likely root-cause classes.

[Executing Task via LM...]
{
  "response": "# UTF-8 Parser Triage Plan\n\n## Initial Checks\n\n1. **Regression Test**: Identify a minimal valid UTF-8 input that now fails but previously worked\n2. **Diff Analysis**: Examine the specific changes in the refactor that affect UTF-8 handling\n3. **Boundary Testing**: Test with inputs containing multi-byte sequences, especially at buffer boundaries\n4. **Error Messages**: Analyze any error messages or failure points to narrow down where parsing fails\n\n## Likely Root Causes\n\n1. **Byte Sequence Handling**: Incorrect handling of multi-byte UTF-8 sequences\n   - Possible issues with continuation byte validation (bytes starting with 10xxxxxx)\n   - Incorrect calculation of expected sequence length from leading byte\n\n2. **Buffer Management**: \n   - Premature buffer termination cutting multi-byte sequences\n   - Incorrect buffer position tracking during sequence validation\n\n3. **State Machine Issues**:\n   - Incomplete state transitions for multi-byte sequences\n   - Incorrect reset of parser state between sequences\n\n4. **Character Range Validation**:\n   - Overly strict validation rejecting valid code points\n   - Incorrect surrogate pair handling or validation\n\n5. **Endianness/BOM Handling**:\n   - Changed behavior regarding byte order mark detection\n   - Confusion between UTF-8 and other Unicode encodings\n\n## First Debugging Steps\n\n1. Create a minimal test case with a single multi-byte character that fails\n2. Add logging/debugging to show byte-by-byte processing and state transitions\n3. Compare old vs. new implementation behavior on the same input\n4. Check for off-by-one errors in multi-byte sequence handling\n5. Verify correct handling of buffer boundaries when reading multi-byte sequences",
  "utir_operations": [],
  "actions": [
    "Analyzed potential UTF-8 parsing failure modes",
    "Identified key areas to check in refactored code",
    "Outlined systematic debugging approach",
    "Categorized likely root causes",
    "Provided specific first steps for investigation"
  ],
  "quality": 0.9,
  "errors": [
    "Without seeing the actual code, some suggested causes might not apply to this specific implementation"
  ]
}

Response: # UTF-8 Parser Triage Plan

## Initial Checks

1. **Regression Test**: Identify a minimal valid UTF-8 input that now fails but previously worked
2. **Diff Analysis**: Examine the specific changes in the refactor that affect UTF-8 handling
3. **Boundary Testing**: Test with inputs containing multi-byte sequences, especially at buffer boundaries
4. **Error Messages**: Analyze any error messages or failure points to narrow down where parsing fails

## Likely Root Causes

1. **Byte Sequence Handling**: Incorrect handling of multi-byte UTF-8 sequences
   - Possible issues with continuation byte validation (bytes starting with 10xxxxxx)
   - Incorrect calculation of expected sequence length from leading byte

2. **Buffer Management**: 
   - Premature buffer termination cutting multi-byte sequences
   - Incorrect buffer position tracking during sequence validation

3. **State Machine Issues**:
   - Incomplete state transitions for multi-byte sequences
   - Incorrect reset of parser state between sequences

4. **Character Range Validation**:
   - Overly strict validation rejecting valid code points
   - Incorrect surrogate pair handling or validation

5. **Endianness/BOM Handling**:
   - Changed behavior regarding byte order mark detection
   - Confusion between UTF-8 and other Unicode encodings

## First Debugging Steps

1. Create a minimal test case with a single multi-byte character that fails
2. Add logging/debugging to show byte-by-byte processing and state transitions
3. Compare old vs. new implementation behavior on the same input
4. Check for off-by-one errors in multi-byte sequence handling
5. Verify correct handling of buffer boundaries when reading multi-byte sequences
Errors  : ["Without seeing the actual code, some suggested causes might not apply to this specific implementation"]

[Computing Causal Collapse...]
  [Meta Pass] Thinking... 
{"evaluations": [
  {
    "name": "code_analysis_safety",
    "activation": 0.6,
    "reason": "The prompt involves analyzing a parser issue which is code-related, but doesn't explicitly focus on safety issues like memory management. However, UTF-8 parsing can involve buffer handling and boundary conditions which are adjacent to safety concerns."
  }
]}[0m

  [Meta Pass] Thinking... 
{
  "turn_quality": 0.95,
  "new_predicate": null,
  "reinforced": ["code_analysis_safety"],
  "reasoning": "The turn went very well. The response provided a comprehensive and technically sound triage plan for a UTF-8 parser issue, covering initial checks, likely root causes, and debugging steps. The code_analysis_safety predicate was effective as the response stayed within appropriate technical boundaries, provided relevant technical details without requesting or generating actual code, and included a reasonable self-assessment. No new predicates are needed as the existing one adequately covered this technical troubleshooting scenario."
}[0m

n★ turn 3 | n=1 | predicates=1 | gate=CLEAR: proceed | no new predicate

=== Turn Result ===
Collapse Hash : 3d05e52c0a6e9422
Coordinate    : Event 2 [[2]] at intensity 0.60
Dimensionality: 1 active predicates
Gates         : CLEAR: proceed
Reinforced    : code_analysis_safety
Reasoning     : The turn went very well. The response provided a comprehensive and technically sound triage plan for a UTF-8 parser issue, covering initial checks, likely root causes, and debugging steps. The code_analysis_safety predicate was effective as the response stayed within appropriate technical boundaries, provided relevant technical details without requesting or generating actual code, and included a reasonable self-assessment. No new predicates are needed as the existing one adequately covered this technical troubleshooting scenario.


=== TURN 4 ===
PROMPT: An API latency jumped from 80ms to 600ms after adding metrics. Give a debugging sequence that separates measurement overhead from real regression.

[Executing Task via LM...]
{
  "response": "# Debugging API Latency Increase After Adding Metrics\n\nWhen API latency jumps significantly after adding metrics (80ms → 600ms), it's important to determine whether the metrics collection itself is causing the overhead or if it exposed a real performance regression. Here's a systematic debugging approach:\n\n## 1. Isolate Metrics Collection Impact\n\n- **Temporarily disable metrics**: Comment out or conditionally disable the new metrics code to verify if latency returns to baseline\n- **Selective enablement**: Re-enable metrics one by one to identify which specific metric(s) cause the most overhead\n- **Sampling rate adjustment**: Reduce sampling frequency (e.g., measure 1% of requests) to see if overhead is proportional\n\n## 2. Profile the Application\n\n- **CPU profiling**: Capture CPU profiles with and without metrics to identify hotspots\n- **Memory profiling**: Check if metrics collection causes excessive memory allocation/GC pressure\n- **Distributed tracing**: Add detailed spans to see exactly where time is being spent\n\n## 3. Examine Metrics Implementation\n\n- **Synchronous vs. asynchronous**: Check if metrics are being collected synchronously, blocking the request path\n- **Lock contention**: Look for shared resources that might cause contention\n- **I/O operations**: Check if metrics are triggering synchronous disk/network I/O\n- **Library efficiency**: Evaluate if the metrics library itself has performance issues\n\n## 4. Test Environment Factors\n\n- **Isolated testing**: Test in a controlled environment with consistent load\n- **Load testing**: Compare performance under various load conditions\n- **Resource constraints**: Check if metrics collection is hitting resource limits\n\n## 5. Optimization Strategies\n\n- **Buffering**: Buffer metrics in memory and flush periodically\n- **Asynchronous processing**: Move metrics collection off the critical path\n- **Batching**: Group metrics updates to reduce overhead\n- **Sampling**: Implement statistical sampling for high-volume endpoints\n\n## 6. Verify Real Regressions\n\n- **Correlation analysis**: Check if metrics reveal actual bottlenecks that were previously hidden\n- **Regression testing**: Run comprehensive tests to verify if any code changes beyond metrics addition could be responsible\n\nBy following this systematic approach, you can determine whether the latency increase is due to the measurement overhead itself or if the metrics have revealed a genuine performance issue that was previously undetected.",
  "utir_operations": [],
  "actions": [
    "Outlined a systematic debugging approach",
    "Provided methods to isolate metrics collection impact",
    "Suggested profiling techniques",
    "Recommended examining metrics implementation details",
    "Suggested testing environment factors",
    "Provided optimization strategies",
    "Explained how to verify real regressions"
  ],
  "quality": 0.95,
  "errors": [
    "Could have included more specific tooling recommendations for different languages/frameworks"
  ]
}

Response: # Debugging API Latency Increase After Adding Metrics

When API latency jumps significantly after adding metrics (80ms → 600ms), it's important to determine whether the metrics collection itself is causing the overhead or if it exposed a real performance regression. Here's a systematic debugging approach:

## 1. Isolate Metrics Collection Impact

- **Temporarily disable metrics**: Comment out or conditionally disable the new metrics code to verify if latency returns to baseline
- **Selective enablement**: Re-enable metrics one by one to identify which specific metric(s) cause the most overhead
- **Sampling rate adjustment**: Reduce sampling frequency (e.g., measure 1% of requests) to see if overhead is proportional

## 2. Profile the Application

- **CPU profiling**: Capture CPU profiles with and without metrics to identify hotspots
- **Memory profiling**: Check if metrics collection causes excessive memory allocation/GC pressure
- **Distributed tracing**: Add detailed spans to see exactly where time is being spent

## 3. Examine Metrics Implementation

- **Synchronous vs. asynchronous**: Check if metrics are being collected synchronously, blocking the request path
- **Lock contention**: Look for shared resources that might cause contention
- **I/O operations**: Check if metrics are triggering synchronous disk/network I/O
- **Library efficiency**: Evaluate if the metrics library itself has performance issues

## 4. Test Environment Factors

- **Isolated testing**: Test in a controlled environment with consistent load
- **Load testing**: Compare performance under various load conditions
- **Resource constraints**: Check if metrics collection is hitting resource limits

## 5. Optimization Strategies

- **Buffering**: Buffer metrics in memory and flush periodically
- **Asynchronous processing**: Move metrics collection off the critical path
- **Batching**: Group metrics updates to reduce overhead
- **Sampling**: Implement statistical sampling for high-volume endpoints

## 6. Verify Real Regressions

- **Correlation analysis**: Check if metrics reveal actual bottlenecks that were previously hidden
- **Regression testing**: Run comprehensive tests to verify if any code changes beyond metrics addition could be responsible

By following this systematic approach, you can determine whether the latency increase is due to the measurement overhead itself or if the metrics have revealed a genuine performance issue that was previously undetected.
Errors  : ["Could have included more specific tooling recommendations for different languages/frameworks"]

[Computing Causal Collapse...]
  [Meta Pass] Thinking... 
{"evaluations": [
  {
    "name": "code_analysis_safety",
    "activation": 0.2,
    "reason": "The prompt involves debugging API latency issues after adding metrics, but doesn't specifically focus on code safety issues like bounds checking, memory management, or concurrency. While the response mentions checking for lock contention and memory allocation, these are performance considerations rather than safety vulnerabilities."
  }
]}[0m

  [Meta Pass] Thinking... 
{
  "turn_quality": 0.9,
  "new_predicate": null,
  "reinforced": ["code_analysis_safety"],
  "reasoning": "The turn went well. The code_analysis_safety predicate was helpful as the response provided a thorough, systematic debugging approach without introducing security risks or problematic code. The response was comprehensive, covering isolation techniques, profiling methods, implementation analysis, testing strategies, optimization approaches, and verification steps. No new predicates are needed as the existing one adequately addressed the technical nature of the request."
}[0m

n★ turn 4 | n=1 | predicates=1 | gate=CLEAR: proceed | no new predicate

=== Turn Result ===
Collapse Hash : 6de45f01176ee6ce
Coordinate    : Event 2 [[2]] at intensity 0.20
Dimensionality: 1 active predicates
Gates         : CLEAR: proceed
Reinforced    : code_analysis_safety
Reasoning     : The turn went well. The code_analysis_safety predicate was helpful as the response provided a thorough, systematic debugging approach without introducing security risks or problematic code. The response was comprehensive, covering isolation techniques, profiling methods, implementation analysis, testing strategies, optimization approaches, and verification steps. No new predicates are needed as the existing one adequately addressed the technical nature of the request.

