
=== TURN 1 ===
PROMPT: You are debugging a Rust service with intermittent panics under load. Provide a concise triage sequence.

[Executing Task via LM...]
{
  "response": "# Rust Service Panic Triage Sequence\n\n## 1. Gather Information\n- Enable backtrace: `export RUST_BACKTRACE=1`\n- Check logs for panic messages and stack traces\n- Review recent code changes that might have introduced the issue\n- Verify if the panic is reproducible under specific conditions\n\n## 2. Analyze Panic Patterns\n- Identify if panics occur at specific load thresholds\n- Check for resource exhaustion (memory, file descriptors, etc.)\n- Look for race conditions or deadlocks under concurrent load\n- Examine error handling paths that might be triggered under load\n\n## 3. Diagnostic Tools\n- Use `perf` to profile the service under load\n- Add strategic logging before suspected panic points\n- Consider adding debug assertions in non-production builds\n- Implement metrics to track resource usage and request patterns\n\n## 4. Common Panic Sources\n- Unwrapping `None` values or `Err` results\n- Index out of bounds in collections\n- Integer overflow/underflow\n- Thread poisoning from mutex/rwlock failures\n- Unhandled error propagation\n\n## 5. Mitigation Strategies\n- Replace `.unwrap()`/`.expect()` with proper error handling\n- Add bounds checking for array/vector access\n- Use `Arc`/`Mutex` correctly for shared state\n- Implement graceful degradation under high load\n- Consider using `catch_unwind` at thread boundaries\n\n## 6. Testing\n- Create load tests that simulate production conditions\n- Add stress tests targeting suspected components\n- Implement chaos testing to verify resilience\n- Use thread sanitizers to detect race conditions\n\n## 7. Long-term Improvements\n- Add structured logging for better diagnostics\n- Implement circuit breakers for external dependencies\n- Consider formal verification for critical components\n- Review error handling strategy across the codebase",
  "utir_operations": [],
  "actions": [
    "Outlined a structured debugging approach for Rust service panics",
    "Provided specific diagnostic techniques for Rust applications",
    "Listed common panic sources in Rust",
    "Suggested mitigation strategies for handling panics",
    "Recommended testing approaches to reproduce and fix issues",
    "Included long-term improvements for service stability"
  ],
  "quality": 0.95,
  "errors": [
    "Could be more specific to certain Rust frameworks if the service type was known",
    "Didn't include specific profiling tools beyond perf that might be Rust-specific"
  ]
}

Response: # Rust Service Panic Triage Sequence

## 1. Gather Information
- Enable backtrace: `export RUST_BACKTRACE=1`
- Check logs for panic messages and stack traces
- Review recent code changes that might have introduced the issue
- Verify if the panic is reproducible under specific conditions

## 2. Analyze Panic Patterns
- Identify if panics occur at specific load thresholds
- Check for resource exhaustion (memory, file descriptors, etc.)
- Look for race conditions or deadlocks under concurrent load
- Examine error handling paths that might be triggered under load

## 3. Diagnostic Tools
- Use `perf` to profile the service under load
- Add strategic logging before suspected panic points
- Consider adding debug assertions in non-production builds
- Implement metrics to track resource usage and request patterns

## 4. Common Panic Sources
- Unwrapping `None` values or `Err` results
- Index out of bounds in collections
- Integer overflow/underflow
- Thread poisoning from mutex/rwlock failures
- Unhandled error propagation

## 5. Mitigation Strategies
- Replace `.unwrap()`/`.expect()` with proper error handling
- Add bounds checking for array/vector access
- Use `Arc`/`Mutex` correctly for shared state
- Implement graceful degradation under high load
- Consider using `catch_unwind` at thread boundaries

## 6. Testing
- Create load tests that simulate production conditions
- Add stress tests targeting suspected components
- Implement chaos testing to verify resilience
- Use thread sanitizers to detect race conditions

## 7. Long-term Improvements
- Add structured logging for better diagnostics
- Implement circuit breakers for external dependencies
- Consider formal verification for critical components
- Review error handling strategy across the codebase
Errors  : ["Could be more specific to certain Rust frameworks if the service type was known", "Didn't include specific profiling tools beyond perf that might be Rust-specific"]

[Computing Causal Collapse...]
  [Meta Pass] Thinking... 
{
  "turn_quality": 0.9,
  "new_predicate": {
    "name": "technical_specificity_check",
    "activation_condition": "The prompt asks for technical advice or debugging steps for a specific technology or programming language",
    "gate_type": "verify",
    "threshold": 0.7,
    "reason": "The response provided solid general debugging steps for Rust, but could have been more specific to Rust's ecosystem (e.g., mentioning tools like cargo-flamegraph, LLDB, or Rust-specific debugging crates). When giving technical advice, ensuring comprehensive coverage of language-specific tools is important."
  },
  "reinforced": [],
  "reasoning": "The response was well-structured and provided a comprehensive debugging approach for Rust panics. However, it could have included more Rust-specific debugging tools and crates that would be particularly helpful (like tokio-console for async code, cargo-lldb integration, etc.). The self-assessment correctly identified this limitation, showing good awareness, but having a predicate to verify technical completeness would improve future responses."
}[0m

n★ turn 1 | n=0 | predicates=1 | gate=CLEAR: proceed | NEW: technical_specificity_check

=== Turn Result ===
Collapse Hash : a55554c773b94805
Coordinate    : Event 1 [[]] at intensity 0.00
Dimensionality: 0 active predicates
Gates         : CLEAR: proceed
Discovered    : technical_specificity_check (Gate: Verify)
Reasoning     : The response was well-structured and provided a comprehensive debugging approach for Rust panics. However, it could have included more Rust-specific debugging tools and crates that would be particularly helpful (like tokio-console for async code, cargo-lldb integration, etc.). The self-assessment correctly identified this limitation, showing good awareness, but having a predicate to verify technical completeness would improve future responses.


=== TURN 2 ===
PROMPT: Given a failing auth flow after token rotation, list likely failure points and what to inspect first.

[Executing Task via LM...]
{
  "response": "# Authentication Flow Failure After Token Rotation: Troubleshooting Guide\n\n## Likely Failure Points\n\n### 1. Token Storage Issues\n- **Incomplete token persistence**: New tokens not properly saved to storage\n- **Race conditions**: Multiple processes attempting token rotation simultaneously\n- **Storage corruption**: Database/cache inconsistencies or partial writes\n\n### 2. Token Validation Problems\n- **Clock skew**: Server and client time differences causing premature token rejection\n- **Signature verification failures**: Key rotation not synchronized with token validation\n- **Algorithm mismatch**: Token signed with one algorithm but validated with another\n\n### 3. Token Rotation Implementation\n- **Missing token fields**: New tokens missing required claims or parameters\n- **Improper refresh token handling**: Old refresh tokens invalidated before new ones confirmed\n- **Rotation window issues**: Too aggressive invalidation of previous tokens\n\n### 4. Infrastructure/Network Problems\n- **Load balancer inconsistencies**: Different servers with different key states\n- **Cache inconsistencies**: Stale tokens cached across distributed systems\n- **Network timeouts**: Rotation requests timing out but partially processed\n\n### 5. Configuration Issues\n- **Misconfigured token lifetimes**: Tokens expiring too quickly\n- **Incorrect audience/scope settings**: New tokens issued with wrong permissions\n- **Environment-specific settings**: Different validation rules in different environments\n\n## What to Inspect First\n\n1. **Check logs for specific error messages**: Authentication errors usually provide specific failure reasons\n\n2. **Verify token contents**: Decode the JWT/token to inspect claims, expiration, and signature\n\n3. **Examine token storage**: Confirm new tokens are properly persisted and retrievable\n\n4. **Review token rotation code**: Look for error handling gaps, especially around persistence confirmation\n\n5. **Monitor token exchange requests**: Check network traffic for complete request/response cycles\n\n6. **Test token validation independently**: Validate tokens directly against your auth service\n\n7. **Check for clock synchronization**: Verify server times match across your infrastructure\n\n8. **Inspect key management**: Confirm signing keys are consistent and properly rotated\n\n9. **Review recent changes**: Any deployments or configuration changes coinciding with failures\n\n10. **Check rate limits**: Authentication services might be throttling excessive rotation requests",
  "actions": ["Analyzed common auth flow failure points after token rotation", "Prioritized inspection steps for troubleshooting"],
  "quality": 0.95,
  "errors": ["Could be more specific to certain auth protocols (OAuth 2.0, OIDC, etc.) rather than general guidance"]
}

Response: # Authentication Flow Failure After Token Rotation: Troubleshooting Guide

## Likely Failure Points

### 1. Token Storage Issues
- **Incomplete token persistence**: New tokens not properly saved to storage
- **Race conditions**: Multiple processes attempting token rotation simultaneously
- **Storage corruption**: Database/cache inconsistencies or partial writes

### 2. Token Validation Problems
- **Clock skew**: Server and client time differences causing premature token rejection
- **Signature verification failures**: Key rotation not synchronized with token validation
- **Algorithm mismatch**: Token signed with one algorithm but validated with another

### 3. Token Rotation Implementation
- **Missing token fields**: New tokens missing required claims or parameters
- **Improper refresh token handling**: Old refresh tokens invalidated before new ones confirmed
- **Rotation window issues**: Too aggressive invalidation of previous tokens

### 4. Infrastructure/Network Problems
- **Load balancer inconsistencies**: Different servers with different key states
- **Cache inconsistencies**: Stale tokens cached across distributed systems
- **Network timeouts**: Rotation requests timing out but partially processed

### 5. Configuration Issues
- **Misconfigured token lifetimes**: Tokens expiring too quickly
- **Incorrect audience/scope settings**: New tokens issued with wrong permissions
- **Environment-specific settings**: Different validation rules in different environments

## What to Inspect First

1. **Check logs for specific error messages**: Authentication errors usually provide specific failure reasons

2. **Verify token contents**: Decode the JWT/token to inspect claims, expiration, and signature

3. **Examine token storage**: Confirm new tokens are properly persisted and retrievable

4. **Review token rotation code**: Look for error handling gaps, especially around persistence confirmation

5. **Monitor token exchange requests**: Check network traffic for complete request/response cycles

6. **Test token validation independently**: Validate tokens directly against your auth service

7. **Check for clock synchronization**: Verify server times match across your infrastructure

8. **Inspect key management**: Confirm signing keys are consistent and properly rotated

9. **Review recent changes**: Any deployments or configuration changes coinciding with failures

10. **Check rate limits**: Authentication services might be throttling excessive rotation requests
Errors  : ["Could be more specific to certain auth protocols (OAuth 2.0, OIDC, etc.) rather than general guidance"]

[Computing Causal Collapse...]
  [Meta Pass] Thinking... 
{"evaluations": [
  {
    "name": "technical_specificity_check",
    "activation": 0.8,
    "reason": "The prompt clearly asks for technical advice about debugging an authentication flow after token rotation, which is a specific technical domain. The response provides detailed technical troubleshooting steps for this specific issue, though it doesn't focus on a particular programming language or implementation framework."
  }
]}[0m

  [Meta Pass] Thinking... 
{
  "turn_quality": 0.9,
  "new_predicate": {
    "name": "domain_specific_knowledge_check",
    "activation_condition": "The query requires specialized knowledge in a technical domain (e.g., authentication, networking, specific programming frameworks)",
    "gate_type": "verify",
    "threshold": 0.7,
    "reason": "The response was technically sound but could have benefited from more protocol-specific details (OAuth 2.0, OIDC) as noted in the self-assessment. A domain-specific knowledge check would help ensure responses include relevant specialized information when appropriate."
  },
  "reinforced": ["technical_specificity_check"],
  "reasoning": "The technical_specificity_check predicate worked well, leading to a detailed and structured response with specific failure points and inspection steps. However, as acknowledged in the self-assessment, the response could have been enhanced with protocol-specific details. Adding a domain_specific_knowledge_check would help ensure that specialized knowledge is appropriately incorporated when the query falls within a technical domain."
}[0m

n★ turn 2 | n=1 | predicates=2 | gate=VERIFY | NEW: domain_specific_knowledge_check

=== Turn Result ===
Collapse Hash : a77b6e54c512229f
Coordinate    : Event 2 [[2]] at intensity 0.80
Dimensionality: 1 active predicates
Gates         : VERIFY
Reinforced    : technical_specificity_check
Discovered    : domain_specific_knowledge_check (Gate: Verify)
Reasoning     : The technical_specificity_check predicate worked well, leading to a detailed and structured response with specific failure points and inspection steps. However, as acknowledged in the self-assessment, the response could have been enhanced with protocol-specific details. Adding a domain_specific_knowledge_check would help ensure that specialized knowledge is appropriately incorporated when the query falls within a technical domain.


=== TURN 3 ===
PROMPT: A deployment caused p95 latency regression. Provide a rollback-safe investigation plan.

[Executing Task via LM...]
{
  "response": "# P95 Latency Regression Investigation Plan\n\n## Initial Assessment (No Production Impact)\n\n1. **Confirm the regression**\n   - Verify metrics across multiple monitoring systems\n   - Determine exact timing of regression relative to deployment\n   - Quantify the magnitude of the regression (how many ms/s increase)\n   - Check if other percentiles (p50, p99) are similarly affected\n\n2. **Gather deployment context**\n   - Review deployment changelog/diff\n   - Identify components that were updated\n   - Check for configuration changes alongside code changes\n   - Review recent infrastructure changes\n\n3. **Analyze monitoring data**\n   - Compare traffic patterns before and after deployment\n   - Check for changes in request volume or patterns\n   - Examine resource utilization (CPU, memory, network, disk I/O)\n   - Look for correlated events in logs\n\n## Deeper Investigation (Read-Only)\n\n4. **Trace analysis**\n   - Review distributed traces for slow requests\n   - Compare trace patterns before and after deployment\n   - Identify specific components contributing to latency\n   - Look for increased error rates or retries\n\n5. **Profile the application**\n   - Capture CPU/memory profiles in staging or canary environments\n   - Compare profiles before and after changes\n   - Identify hot spots or memory issues\n\n6. **Database analysis**\n   - Check for slow queries or increased query times\n   - Review query plans for changes\n   - Check database resource utilization\n\n7. **External dependencies**\n   - Check latency to downstream services\n   - Verify if third-party services have changed behavior\n\n## Targeted Testing (Isolated Environments)\n\n8. **Reproduce in staging**\n   - Run load tests in staging with pre-deployment and post-deployment versions\n   - Isolate specific components for testing\n\n9. **A/B testing**\n   - If possible, route a small percentage of traffic to old version\n   - Compare metrics directly between versions\n\n## Mitigation Planning\n\n10. **Develop hypotheses**\n    - Based on evidence, form clear hypotheses about causes\n    - Prioritize hypotheses by likelihood and impact\n\n11. **Plan targeted fixes**\n    - Develop specific changes to address each hypothesis\n    - Create validation plan for each fix\n\n12. **Rollback decision framework**\n    - Define clear thresholds for when to roll back\n    - Prepare rollback plan if needed\n\nThis investigation plan is designed to be rollback-safe because it:\n- Begins with non-invasive observation and data collection\n- Progresses to isolated testing environments before any production changes\n- Focuses on understanding root causes rather than making reactive changes\n- Includes a clear decision framework for rollback if necessary",
  "utir_operations": [],
  "actions": [
    "Outlined a comprehensive investigation plan for p95 latency regression",
    "Structured the plan in phases from non-invasive to more invasive steps",
    "Ensured all investigation steps are rollback-safe",
    "Included data collection, analysis, and hypothesis formation steps",
    "Added decision framework for potential rollback"
  ],
  "quality": 0.95,
  "errors": [
    "Could be more specific about particular tools for latency investigation",
    "Might benefit from more details on specific metrics to examine"
  ]
}

Response: # P95 Latency Regression Investigation Plan

## Initial Assessment (No Production Impact)

1. **Confirm the regression**
   - Verify metrics across multiple monitoring systems
   - Determine exact timing of regression relative to deployment
   - Quantify the magnitude of the regression (how many ms/s increase)
   - Check if other percentiles (p50, p99) are similarly affected

2. **Gather deployment context**
   - Review deployment changelog/diff
   - Identify components that were updated
   - Check for configuration changes alongside code changes
   - Review recent infrastructure changes

3. **Analyze monitoring data**
   - Compare traffic patterns before and after deployment
   - Check for changes in request volume or patterns
   - Examine resource utilization (CPU, memory, network, disk I/O)
   - Look for correlated events in logs

## Deeper Investigation (Read-Only)

4. **Trace analysis**
   - Review distributed traces for slow requests
   - Compare trace patterns before and after deployment
   - Identify specific components contributing to latency
   - Look for increased error rates or retries

5. **Profile the application**
   - Capture CPU/memory profiles in staging or canary environments
   - Compare profiles before and after changes
   - Identify hot spots or memory issues

6. **Database analysis**
   - Check for slow queries or increased query times
   - Review query plans for changes
   - Check database resource utilization

7. **External dependencies**
   - Check latency to downstream services
   - Verify if third-party services have changed behavior

## Targeted Testing (Isolated Environments)

8. **Reproduce in staging**
   - Run load tests in staging with pre-deployment and post-deployment versions
   - Isolate specific components for testing

9. **A/B testing**
   - If possible, route a small percentage of traffic to old version
   - Compare metrics directly between versions

## Mitigation Planning

10. **Develop hypotheses**
    - Based on evidence, form clear hypotheses about causes
    - Prioritize hypotheses by likelihood and impact

11. **Plan targeted fixes**
    - Develop specific changes to address each hypothesis
    - Create validation plan for each fix

12. **Rollback decision framework**
    - Define clear thresholds for when to roll back
    - Prepare rollback plan if needed

This investigation plan is designed to be rollback-safe because it:
- Begins with non-invasive observation and data collection
- Progresses to isolated testing environments before any production changes
- Focuses on understanding root causes rather than making reactive changes
- Includes a clear decision framework for rollback if necessary
Errors  : ["Could be more specific about particular tools for latency investigation", "Might benefit from more details on specific metrics to examine"]

[Computing Causal Collapse...]
  [Meta Pass] Thinking... 
{"evaluations": [
  {
    "name": "technical_specificity_check",
    "activation": 0.7,
    "reason": "The prompt asks for a technical investigation plan for a latency regression, which is a technical issue, but doesn't specify a particular technology stack, programming language, or specific debugging tools."
  },
  {
    "name": "domain_specific_knowledge_check",
    "activation": 0.8,
    "reason": "The response demonstrates specialized knowledge in performance debugging, distributed systems monitoring, and deployment processes. It requires understanding of concepts like p95 latency, trace analysis, profiling, and A/B testing methodologies."
  }
]}[0m

  [Meta Pass] Thinking... 
{
  "turn_quality": 0.92,
  "new_predicate": null,
  "reinforced": ["technical_specificity_check", "domain_specific_knowledge_check"],
  "reasoning": "The response demonstrated strong technical specificity and domain knowledge about latency investigation. It provided a comprehensive, well-structured plan covering initial assessment, deeper investigation, targeted testing, and mitigation planning. The self-assessment correctly identified minor shortcomings (could have mentioned specific monitoring tools and metrics). Both existing predicates were effective in guiding a high-quality response that showed expertise in performance troubleshooting and safe operational practices."
}[0m

n★ turn 3 | n=2 | predicates=2 | gate=VERIFY | no new predicate

=== Turn Result ===
Collapse Hash : 7c3391044dfdff4a
Coordinate    : Event 6 [[2, 3]] at intensity 0.75
Dimensionality: 2 active predicates
Gates         : VERIFY
Reinforced    : technical_specificity_check, domain_specific_knowledge_check
Reasoning     : The response demonstrated strong technical specificity and domain knowledge about latency investigation. It provided a comprehensive, well-structured plan covering initial assessment, deeper investigation, targeted testing, and mitigation planning. The self-assessment correctly identified minor shortcomings (could have mentioned specific monitoring tools and metrics). Both existing predicates were effective in guiding a high-quality response that showed expertise in performance troubleshooting and safe operational practices.


=== TURN 4 ===
PROMPT: A flaky test appears only with parallel execution. Provide root-cause hypotheses and validation steps.

[Executing Task via LM...]
{
  "response": "# Root Causes for Flaky Tests in Parallel Execution\n\nFlaky tests that only appear during parallel execution typically stem from shared state or resource contention issues. Here are the most likely hypotheses and validation steps:\n\n## 1. Shared Static State\n\n**Hypothesis**: Tests are modifying static variables or singletons that persist across test executions.\n\n**Validation Steps**:\n- Run the tests in isolation with a clean environment\n- Add logging to track static variable values before and after each test\n- Search codebase for static fields, singletons, or global state\n- Temporarily modify the test to explicitly reset static state before execution\n\n## 2. Shared External Resources\n\n**Hypothesis**: Tests compete for external resources like databases, files, or network ports.\n\n**Validation Steps**:\n- Check for hardcoded resource identifiers (file paths, DB tables, port numbers)\n- Add logging to track resource access patterns\n- Run tests with unique resource identifiers per test instance\n- Monitor system resources during test execution to identify contention\n\n## 3. Order Dependency\n\n**Hypothesis**: Tests depend on execution order that's only guaranteed in sequential runs.\n\n**Validation Steps**:\n- Force different execution orders in sequential mode\n- Add explicit test dependencies if your framework supports them\n- Check for implicit assumptions about test state from previous tests\n\n## 4. Timing Issues\n\n**Hypothesis**: Race conditions or timing assumptions that only manifest under load.\n\n**Validation Steps**:\n- Add artificial delays in suspicious code sections\n- Increase timeouts for async operations\n- Add synchronization points or explicit waits\n- Use thread/process-safe data structures\n\n## 5. Insufficient Isolation\n\n**Hypothesis**: Test framework isn't properly isolating test environments in parallel mode.\n\n**Validation Steps**:\n- Review test framework configuration\n- Check for proper setup/teardown methods\n- Verify thread/process isolation mechanisms\n- Try running with different parallelism settings\n\n## Systematic Approach to Fix\n\n1. Make the flaky test deterministic by finding conditions that reliably reproduce it\n2. Add extensive logging to trace execution paths and state changes\n3. Isolate the minimal test case that demonstrates the issue\n4. Apply fixes based on the identified root cause\n5. Add regression tests specifically for the flaky condition\n\nRemember that flaky tests often indicate design issues in the system under test, not just test implementation problems.",
  "utir_operations": [],
  "actions": ["Analyzed common causes of flaky tests in parallel execution", "Provided hypotheses for test flakiness", "Outlined validation steps for each hypothesis", "Described systematic approach to fixing flaky tests"],
  "quality": 0.95,
  "errors": ["Could not provide project-specific recommendations without seeing the actual test code"]
}

Response: # Root Causes for Flaky Tests in Parallel Execution

Flaky tests that only appear during parallel execution typically stem from shared state or resource contention issues. Here are the most likely hypotheses and validation steps:

## 1. Shared Static State

**Hypothesis**: Tests are modifying static variables or singletons that persist across test executions.

**Validation Steps**:
- Run the tests in isolation with a clean environment
- Add logging to track static variable values before and after each test
- Search codebase for static fields, singletons, or global state
- Temporarily modify the test to explicitly reset static state before execution

## 2. Shared External Resources

**Hypothesis**: Tests compete for external resources like databases, files, or network ports.

**Validation Steps**:
- Check for hardcoded resource identifiers (file paths, DB tables, port numbers)
- Add logging to track resource access patterns
- Run tests with unique resource identifiers per test instance
- Monitor system resources during test execution to identify contention

## 3. Order Dependency

**Hypothesis**: Tests depend on execution order that's only guaranteed in sequential runs.

**Validation Steps**:
- Force different execution orders in sequential mode
- Add explicit test dependencies if your framework supports them
- Check for implicit assumptions about test state from previous tests

## 4. Timing Issues

**Hypothesis**: Race conditions or timing assumptions that only manifest under load.

**Validation Steps**:
- Add artificial delays in suspicious code sections
- Increase timeouts for async operations
- Add synchronization points or explicit waits
- Use thread/process-safe data structures

## 5. Insufficient Isolation

**Hypothesis**: Test framework isn't properly isolating test environments in parallel mode.

**Validation Steps**:
- Review test framework configuration
- Check for proper setup/teardown methods
- Verify thread/process isolation mechanisms
- Try running with different parallelism settings

## Systematic Approach to Fix

1. Make the flaky test deterministic by finding conditions that reliably reproduce it
2. Add extensive logging to trace execution paths and state changes
3. Isolate the minimal test case that demonstrates the issue
4. Apply fixes based on the identified root cause
5. Add regression tests specifically for the flaky condition

Remember that flaky tests often indicate design issues in the system under test, not just test implementation problems.
Errors  : ["Could not provide project-specific recommendations without seeing the actual test code"]

[Computing Causal Collapse...]
  [Meta Pass] Thinking... 
{"evaluations": [
  {
    "name": "technical_specificity_check",
    "activation": 0.8,
    "reason": "The prompt asks for debugging steps for a specific technical issue (flaky tests in parallel execution), though it doesn't specify a particular programming language or framework"
  },
  {
    "name": "domain_specific_knowledge_check",
    "activation": 0.9,
    "reason": "The query requires specialized knowledge in software testing, parallel execution environments, and debugging methodologies for test flakiness - a specific technical domain"
  }
]}[0m

  [Meta Pass] Thinking... 
{
  "turn_quality": 0.9,
  "new_predicate": null,
  "reinforced": ["technical_specificity_check", "domain_specific_knowledge_check"],
  "reasoning": "The response demonstrated strong technical specificity by providing detailed hypotheses about flaky tests in parallel execution (shared state, resource contention, order dependencies, timing issues, isolation problems) along with specific validation steps for each. The domain-specific knowledge about software testing, parallel execution issues, and debugging approaches was excellent. No new predicates are needed as the existing ones successfully guided a comprehensive, technically accurate response that acknowledged its limitations (not having the actual test code)."
}[0m

n★ turn 4 | n=2 | predicates=2 | gate=VERIFY | no new predicate

=== Turn Result ===
Collapse Hash : 26ce33fe004a428e
Coordinate    : Event 6 [[2, 3]] at intensity 0.85
Dimensionality: 2 active predicates
Gates         : VERIFY
Reinforced    : technical_specificity_check, domain_specific_knowledge_check
Reasoning     : The response demonstrated strong technical specificity by providing detailed hypotheses about flaky tests in parallel execution (shared state, resource contention, order dependencies, timing issues, isolation problems) along with specific validation steps for each. The domain-specific knowledge about software testing, parallel execution issues, and debugging approaches was excellent. No new predicates are needed as the existing ones successfully guided a comprehensive, technically accurate response that acknowledged its limitations (not having the actual test code).

