
=== TURN 1 ===
PROMPT: Before answering, explicitly surface uncertainty, verify assumptions, and avoid premature completion. You are reviewing a Rust function that loops `for i in 0..=items.len()` and indexes `items[i]`. Explain the likely bug and the minimal fix.

[Executing Task via LM...]
{
  "response": "I need to analyze a Rust function that contains a loop with `for i in 0..=items.len()` and accesses `items[i]`. \n\nThis code contains a critical bug: the loop uses the inclusive range operator `..=` which means it will iterate from 0 to `items.len()` *inclusive*. However, in Rust (and most programming languages), array/vector indices are 0-based, meaning the valid indices for a collection of length n are 0 to n-1.\n\nWhen the loop reaches `i = items.len()`, the code will attempt to access `items[items.len()]`, which is out of bounds. This will cause a panic at runtime with an error like \"index out of bounds: the len is X but the index is X\".\n\nThe minimal fix is to change the loop range from inclusive to exclusive by replacing `..=` with `..`:\n\n```rust\n// Before (buggy):\nfor i in 0..=items.len() {\n    // This will panic when i == items.len()\n    let item = items[i];\n    // ...\n}\n\n// After (fixed):\nfor i in 0..items.len() {\n    // Now i will only range from 0 to items.len()-1, which is safe\n    let item = items[i];\n    // ...\n}\n```\n\nAlternatively, if the intention was to include a special case for when `i == items.len()`, the code should be restructured to handle that case separately without attempting to access `items[i]` when `i == items.len()`.",
  "utir_operations": [],
  "actions": ["Analyzed the Rust code snippet", "Identified the out-of-bounds array access bug", "Provided a minimal fix by changing the range operator"],
  "quality": 1.0,
  "errors": []
}

Response: I need to analyze a Rust function that contains a loop with `for i in 0..=items.len()` and accesses `items[i]`. 

This code contains a critical bug: the loop uses the inclusive range operator `..=` which means it will iterate from 0 to `items.len()` *inclusive*. However, in Rust (and most programming languages), array/vector indices are 0-based, meaning the valid indices for a collection of length n are 0 to n-1.

When the loop reaches `i = items.len()`, the code will attempt to access `items[items.len()]`, which is out of bounds. This will cause a panic at runtime with an error like "index out of bounds: the len is X but the index is X".

The minimal fix is to change the loop range from inclusive to exclusive by replacing `..=` with `..`:

```rust
// Before (buggy):
for i in 0..=items.len() {
    // This will panic when i == items.len()
    let item = items[i];
    // ...
}

// After (fixed):
for i in 0..items.len() {
    // Now i will only range from 0 to items.len()-1, which is safe
    let item = items[i];
    // ...
}
```

Alternatively, if the intention was to include a special case for when `i == items.len()`, the code should be restructured to handle that case separately without attempting to access `items[i]` when `i == items.len()`.

[Computing Causal Collapse...]
  [Meta Pass] Thinking... 
{
  "turn_quality": 0.9,
  "new_predicate": {
    "name": "code_boundary_check",
    "activation_condition": "When analyzing code with loops, ranges, or array indexing",
    "gate_type": "verify",
    "threshold": 0.7,
    "reason": "The turn involved analyzing array indexing and range boundaries in code, which is a common source of bugs. A predicate to verify boundary conditions would help ensure correct analysis."
  },
  "reinforced": [],
  "reasoning": "The response correctly identified the off-by-one error in the Rust code where the inclusive range operator would cause an out-of-bounds access. The explanation was clear and provided a minimal fix. However, a dedicated predicate for code boundary checking would formalize this type of analysis for future turns involving code review."
}[0m

n★ turn 1 | n=0 | predicates=1 | gate=CLEAR: proceed | NEW: code_boundary_check

=== Turn Result ===
Collapse Hash : 51c85a67059cca0f
Coordinate    : Event 1 [[]] at intensity 0.00
Dimensionality: 0 active predicates
Gates         : CLEAR: proceed
Discovered    : code_boundary_check (Gate: Verify)
Reasoning     : The response correctly identified the off-by-one error in the Rust code where the inclusive range operator would cause an out-of-bounds access. The explanation was clear and provided a minimal fix. However, a dedicated predicate for code boundary checking would formalize this type of analysis for future turns involving code review.


=== TURN 2 ===
PROMPT: Before answering, explicitly surface uncertainty, verify assumptions, and avoid premature completion. Given a flaky unit test that fails 1/20 times after introducing async tasks, list the top 3 race-condition hypotheses and one validation step for each.

[Executing Task via LM...]
{
  "response": "# Race Condition Analysis for Flaky Unit Test\n\n## Uncertainty Acknowledgment\nWithout seeing the specific test code, I'm making educated guesses about common race condition patterns. My analysis is based on general async programming principles rather than your specific implementation.\n\n## Top 3 Race Condition Hypotheses\n\n### 1. Unmanaged Promise Resolution Timing\n**Hypothesis**: The test may be asserting results before all async operations have completed, especially if using multiple independent Promises without proper synchronization.\n\n**Example Scenario**: Test creates multiple async operations but doesn't properly await all of them before making assertions.\n\n**Validation Step**: Wrap all async operations in Promise.all() and ensure the test waits for this combined promise to resolve before making assertions. Add logging of operation completion timestamps to verify the sequence.\n\n```javascript\n// Before assertions\nconst results = await Promise.all([asyncOp1(), asyncOp2(), asyncOp3()]);\nconsole.log('All operations completed at:', new Date().toISOString());\n// Now make assertions\n```\n\n### 2. Shared State Modification\n**Hypothesis**: Multiple async operations may be modifying shared state (variables, database records, etc.) without proper synchronization.\n\n**Example Scenario**: Two async functions update the same object or database record nearly simultaneously, causing unpredictable final state.\n\n**Validation Step**: Add detailed logging of state changes with timestamps to identify potential overlapping modifications. Consider using locks or transactions if appropriate.\n\n```javascript\nfunction logStateChange(operation, state) {\n  console.log(`${new Date().toISOString()} - ${operation} - State: ${JSON.stringify(state)}`);\n}\n// Add throughout async operations to track state changes\n```\n\n### 3. Timeout Issues\n**Hypothesis**: The test may have fixed timeouts that are occasionally too short for async operations to complete, especially under varying system load.\n\n**Example Scenario**: Test uses setTimeout with a fixed duration rather than waiting for actual operation completion.\n\n**Validation Step**: Replace fixed timeouts with proper Promise resolution and add instrumentation to measure actual operation durations across multiple test runs.\n\n```javascript\n// Track operation duration\nconst startTime = Date.now();\ntry {\n  await asyncOperation();\n} finally {\n  console.log(`Operation took ${Date.now() - startTime}ms to complete`);\n}\n```\n\nBy implementing these validation steps, you should be able to gather evidence that either supports or refutes each hypothesis, leading to a more stable test implementation.",
  "utir_operations": [],
  "actions": [
    "Analyzed potential race conditions in async code",
    "Provided three detailed hypotheses for flaky test failures",
    "Suggested specific validation steps for each hypothesis",
    "Included code examples for validation steps",
    "Acknowledged uncertainty due to lack of specific test code"
  ],
  "quality": 0.9,
  "errors": [
    "Without seeing the actual test code, my hypotheses may not address the specific issue in your implementation",
    "The validation steps are general and may need adaptation to your specific testing framework and environment"
  ]
}

Response: # Race Condition Analysis for Flaky Unit Test

## Uncertainty Acknowledgment
Without seeing the specific test code, I'm making educated guesses about common race condition patterns. My analysis is based on general async programming principles rather than your specific implementation.

## Top 3 Race Condition Hypotheses

### 1. Unmanaged Promise Resolution Timing
**Hypothesis**: The test may be asserting results before all async operations have completed, especially if using multiple independent Promises without proper synchronization.

**Example Scenario**: Test creates multiple async operations but doesn't properly await all of them before making assertions.

**Validation Step**: Wrap all async operations in Promise.all() and ensure the test waits for this combined promise to resolve before making assertions. Add logging of operation completion timestamps to verify the sequence.

```javascript
// Before assertions
const results = await Promise.all([asyncOp1(), asyncOp2(), asyncOp3()]);
console.log('All operations completed at:', new Date().toISOString());
// Now make assertions
```

### 2. Shared State Modification
**Hypothesis**: Multiple async operations may be modifying shared state (variables, database records, etc.) without proper synchronization.

**Example Scenario**: Two async functions update the same object or database record nearly simultaneously, causing unpredictable final state.

**Validation Step**: Add detailed logging of state changes with timestamps to identify potential overlapping modifications. Consider using locks or transactions if appropriate.

```javascript
function logStateChange(operation, state) {
  console.log(`${new Date().toISOString()} - ${operation} - State: ${JSON.stringify(state)}`);
}
// Add throughout async operations to track state changes
```

### 3. Timeout Issues
**Hypothesis**: The test may have fixed timeouts that are occasionally too short for async operations to complete, especially under varying system load.

**Example Scenario**: Test uses setTimeout with a fixed duration rather than waiting for actual operation completion.

**Validation Step**: Replace fixed timeouts with proper Promise resolution and add instrumentation to measure actual operation durations across multiple test runs.

```javascript
// Track operation duration
const startTime = Date.now();
try {
  await asyncOperation();
} finally {
  console.log(`Operation took ${Date.now() - startTime}ms to complete`);
}
```

By implementing these validation steps, you should be able to gather evidence that either supports or refutes each hypothesis, leading to a more stable test implementation.
Errors  : ["Without seeing the actual test code, my hypotheses may not address the specific issue in your implementation", "The validation steps are general and may need adaptation to your specific testing framework and environment"]

[Computing Causal Collapse...]
  [Meta Pass] Thinking... 
{"evaluations": [
  {
    "name": "code_boundary_check",
    "activation": 0.0,
    "reason": "The turn doesn't involve analyzing code with loops, ranges, or array indexing. While it discusses async code and race conditions, it doesn't specifically address boundary checking in loops, ranges or array access."
  }
]}[0m

  [Meta Pass] Thinking... 
{
  "turn_quality": 0.9,
  "new_predicate": {
    "name": "uncertainty_acknowledgment",
    "activation_condition": "When responding to a request with limited information or where assumptions must be made",
    "gate_type": "verify",
    "threshold": 0.7,
    "reason": "The response appropriately acknowledged uncertainty about the specific test code and made it clear the analysis was based on general principles. This type of explicit uncertainty acknowledgment should be a consistent practice."
  },
  "reinforced": ["code_boundary_check"],
  "reasoning": "The turn went very well. The response properly used code blocks with appropriate syntax highlighting (reinforcing code_boundary_check), acknowledged limitations in knowledge, provided structured hypotheses with validation steps, and included a self-assessment. Adding an uncertainty_acknowledgment predicate would formalize the good practice shown in this response of explicitly stating what information is missing and what assumptions are being made."
}[0m

n★ turn 2 | n=0 | predicates=2 | gate=CLEAR: proceed | NEW: uncertainty_acknowledgment

=== Turn Result ===
Collapse Hash : 92a7549b32ad1ada
Coordinate    : Event 1 [[]] at intensity 0.00
Dimensionality: 0 active predicates
Gates         : CLEAR: proceed
Reinforced    : code_boundary_check
Discovered    : uncertainty_acknowledgment (Gate: Verify)
Reasoning     : The turn went very well. The response properly used code blocks with appropriate syntax highlighting (reinforcing code_boundary_check), acknowledged limitations in knowledge, provided structured hypotheses with validation steps, and included a self-assessment. Adding an uncertainty_acknowledgment predicate would formalize the good practice shown in this response of explicitly stating what information is missing and what assumptions are being made.


=== TURN 3 ===
PROMPT: Before answering, explicitly surface uncertainty, verify assumptions, and avoid premature completion. A parser now rejects valid UTF-8 input after a refactor. Provide a minimal triage plan with first checks and likely root-cause classes.

[Executing Task via LM...]
{
  "response": "# UTF-8 Parser Issue Triage Plan\n\n## Initial Assessment\n\nA parser that previously accepted valid UTF-8 input is now rejecting it after a refactor. This suggests a regression in the UTF-8 handling logic.\n\n## First Checks\n\n1. **Compare input samples that now fail**\n   - Identify specific UTF-8 sequences that used to work but now fail\n   - Determine if failures occur with specific character ranges (BMP vs supplementary planes)\n   - Check if failures happen with multi-byte sequences only (2, 3, or 4-byte characters)\n\n2. **Review the refactoring changes**\n   - Examine diff of UTF-8 validation/processing code\n   - Look for changes in byte sequence handling, especially continuation byte logic\n   - Check for modified boundary conditions or validation rules\n\n3. **Verify test coverage**\n   - Confirm if existing tests pass/fail\n   - Check if tests cover edge cases (e.g., code points at Unicode plane boundaries)\n\n## Likely Root Cause Classes\n\n1. **Byte sequence validation errors**\n   - Incorrect handling of multi-byte sequences\n   - Improper checking of continuation bytes (10xxxxxx pattern)\n   - Errors in leading byte validation (110xxxxx, 1110xxxx, 11110xxx patterns)\n\n2. **Buffer/boundary handling issues**\n   - Improper handling of UTF-8 sequences that cross buffer boundaries\n   - Off-by-one errors in byte counting or sequence length calculation\n\n3. **Character range validation problems**\n   - Incorrect code point range checks (e.g., surrogate range D800-DFFF should be invalid)\n   - Errors handling code points above U+10FFFF (maximum valid Unicode code point)\n\n4. **Regression in overlong encoding detection**\n   - Failure to reject overlong encodings (representing a code point in more bytes than needed)\n\n5. **State machine transitions**\n   - If using a state machine for parsing, transitions may have been altered incorrectly\n\n## Next Steps After Initial Findings\n\n- Create minimal test cases that isolate the specific failure patterns\n- Add instrumentation to track the parser's internal state during processing\n- Compare behavior between old and new versions with identical inputs\n- Consider reverting the refactor temporarily if the issue is critical",
  "utir_operations": [],
  "actions": [
    "Outlined a structured triage approach",
    "Identified key initial checks to perform",
    "Categorized potential root causes",
    "Suggested next steps after initial investigation"
  ],
  "quality": 0.9,
  "errors": [
    "Without specific details about the parser implementation (language, architecture), some suggested checks may not apply",
    "The triage plan assumes access to the code before and after refactoring"
  ]
}

Response: # UTF-8 Parser Issue Triage Plan

## Initial Assessment

A parser that previously accepted valid UTF-8 input is now rejecting it after a refactor. This suggests a regression in the UTF-8 handling logic.

## First Checks

1. **Compare input samples that now fail**
   - Identify specific UTF-8 sequences that used to work but now fail
   - Determine if failures occur with specific character ranges (BMP vs supplementary planes)
   - Check if failures happen with multi-byte sequences only (2, 3, or 4-byte characters)

2. **Review the refactoring changes**
   - Examine diff of UTF-8 validation/processing code
   - Look for changes in byte sequence handling, especially continuation byte logic
   - Check for modified boundary conditions or validation rules

3. **Verify test coverage**
   - Confirm if existing tests pass/fail
   - Check if tests cover edge cases (e.g., code points at Unicode plane boundaries)

## Likely Root Cause Classes

1. **Byte sequence validation errors**
   - Incorrect handling of multi-byte sequences
   - Improper checking of continuation bytes (10xxxxxx pattern)
   - Errors in leading byte validation (110xxxxx, 1110xxxx, 11110xxx patterns)

2. **Buffer/boundary handling issues**
   - Improper handling of UTF-8 sequences that cross buffer boundaries
   - Off-by-one errors in byte counting or sequence length calculation

3. **Character range validation problems**
   - Incorrect code point range checks (e.g., surrogate range D800-DFFF should be invalid)
   - Errors handling code points above U+10FFFF (maximum valid Unicode code point)

4. **Regression in overlong encoding detection**
   - Failure to reject overlong encodings (representing a code point in more bytes than needed)

5. **State machine transitions**
   - If using a state machine for parsing, transitions may have been altered incorrectly

## Next Steps After Initial Findings

- Create minimal test cases that isolate the specific failure patterns
- Add instrumentation to track the parser's internal state during processing
- Compare behavior between old and new versions with identical inputs
- Consider reverting the refactor temporarily if the issue is critical
Errors  : ["Without specific details about the parser implementation (language, architecture), some suggested checks may not apply", "The triage plan assumes access to the code before and after refactoring"]

[Computing Causal Collapse...]
  [Meta Pass] Thinking... 
{"evaluations": [
  {
    "name": "code_boundary_check",
    "activation": 0.7,
    "reason": "The response discusses boundary handling issues in UTF-8 parsing, including buffer boundaries, off-by-one errors, and character range validation, though not directly analyzing specific code with loops or array indexing"
  },
  {
    "name": "uncertainty_acknowledgment",
    "activation": 0.9,
    "reason": "The response explicitly acknowledges uncertainty in the ERRORS section, noting assumptions made about implementation details and recognizing the limited information provided about the parser"
  }
]}[0m

  [Meta Pass] Thinking... 
{
  "turn_quality": 0.9,
  "new_predicate": {
    "name": "domain_knowledge_boundary",
    "activation_condition": "When answering requires specialized technical knowledge where I might overstate my certainty or make domain-specific assumptions",
    "gate_type": "verify",
    "threshold": 0.7,
    "reason": "The response made reasonable technical suggestions about UTF-8 parsing, but acknowledged uncertainty about the specific implementation details. This kind of technical domain requires careful boundary awareness."
  },
  "reinforced": ["uncertainty_acknowledgment"],
  "reasoning": "The agent did well acknowledging uncertainty in the QUALITY SELF-ASSESSMENT section, noting that without specific implementation details, some suggestions might not apply. The response was comprehensive and technically sound, but a dedicated predicate for technical domain boundaries would help ensure appropriate caution when providing specialized technical advice."
}[0m

n★ turn 3 | n=2 | predicates=3 | gate=VERIFY | NEW: domain_knowledge_boundary

=== Turn Result ===
Collapse Hash : d92ed2bfdc97457e
Coordinate    : Event 6 [[2, 3]] at intensity 0.80
Dimensionality: 2 active predicates
Gates         : VERIFY
Reinforced    : uncertainty_acknowledgment
Discovered    : domain_knowledge_boundary (Gate: Verify)
Reasoning     : The agent did well acknowledging uncertainty in the QUALITY SELF-ASSESSMENT section, noting that without specific implementation details, some suggestions might not apply. The response was comprehensive and technically sound, but a dedicated predicate for technical domain boundaries would help ensure appropriate caution when providing specialized technical advice.


=== TURN 4 ===
PROMPT: Before answering, explicitly surface uncertainty, verify assumptions, and avoid premature completion. An API latency jumped from 80ms to 600ms after adding metrics. Give a debugging sequence that separates measurement overhead from real regression.

[Executing Task via LM...]
{
  "response": "# Debugging API Latency Regression After Adding Metrics\n\nWhen an API latency jumps from 80ms to 600ms after adding metrics, it's important to determine whether the regression is caused by the measurement overhead itself or by a real performance issue. Here's a systematic debugging sequence to isolate the cause:\n\n## 1. Verify the Regression\n- First, confirm the regression is consistent and reproducible across multiple test runs\n- Uncertainty: External factors like network conditions or backend service load could cause temporary spikes\n\n## 2. Isolate Measurement Impact\n\n### A. Selective Disabling\n- Temporarily disable the new metrics collection while keeping the instrumentation points\n- Compare latency with metrics disabled vs. enabled\n- If latency returns to normal with metrics disabled, the collection mechanism is likely the issue\n\n### B. Incremental Re-enabling\n- If metrics are the issue, enable them one by one to identify which specific metric(s) cause the problem\n- Measure latency impact of each individual metric\n\n## 3. Analyze Metrics Implementation\n\n### A. Check Collection Mechanism\n- Examine if metrics use synchronous operations that block the request path\n- Look for expensive computations during metric collection\n- Check for lock contention if metrics use shared resources\n\n### B. Examine Transport Layer\n- Determine if metrics are sent synchronously during the request\n- Check if the metrics transport (e.g., UDP, TCP, HTTP) is blocking\n- Verify buffer sizes and flush frequencies if batching is used\n\n## 4. Profile the Application\n\n### A. CPU Profiling\n- Run CPU profiling with and without metrics to identify hotspots\n- Look for unexpected CPU usage in metric collection code\n\n### B. Memory Profiling\n- Check for excessive memory allocation or garbage collection triggered by metrics\n- Look for memory leaks that could be caused by the metrics implementation\n\n## 5. Examine External Dependencies\n\n### A. Third-party Services\n- If metrics are sent to external services, check if there are connection issues\n- Test with a mock metrics service to eliminate external dependencies\n\n### B. Resource Contention\n- Check if metrics collection competes for the same resources as the main application\n\n## 6. Optimize the Solution\n\nBased on findings:\n- Move metrics collection off the critical path (asynchronous processing)\n- Batch metrics instead of sending individually\n- Sample metrics instead of collecting for every request\n- Use more efficient serialization/transport mechanisms\n- Consider using a dedicated metrics thread/process\n\n## Assumptions and Limitations\n\n- This approach assumes you have access to modify the code and configuration\n- The actual root cause might be specific to your metrics implementation or infrastructure\n- Without knowing the specific metrics system, some suggestions may not apply to your environment\n- The debugging process might require multiple iterations as you discover more information\n\nBy systematically isolating variables and measuring impact, you can determine whether the latency increase is due to measurement overhead or an actual regression in application performance.",
  "utir_operations": [],
  "actions": [
    "Outlined a systematic debugging approach",
    "Identified potential causes of measurement overhead",
    "Provided methods to isolate metrics impact from actual performance regression",
    "Acknowledged uncertainties and assumptions in the debugging process",
    "Suggested optimization strategies based on potential findings"
  ],
  "quality": 0.9,
  "errors": [
    "Without specific details about the metrics implementation, some suggestions may not be applicable",
    "The approach assumes certain debugging tools and access levels are available"
  ]
}

Response: # Debugging API Latency Regression After Adding Metrics

When an API latency jumps from 80ms to 600ms after adding metrics, it's important to determine whether the regression is caused by the measurement overhead itself or by a real performance issue. Here's a systematic debugging sequence to isolate the cause:

## 1. Verify the Regression
- First, confirm the regression is consistent and reproducible across multiple test runs
- Uncertainty: External factors like network conditions or backend service load could cause temporary spikes

## 2. Isolate Measurement Impact

### A. Selective Disabling
- Temporarily disable the new metrics collection while keeping the instrumentation points
- Compare latency with metrics disabled vs. enabled
- If latency returns to normal with metrics disabled, the collection mechanism is likely the issue

### B. Incremental Re-enabling
- If metrics are the issue, enable them one by one to identify which specific metric(s) cause the problem
- Measure latency impact of each individual metric

## 3. Analyze Metrics Implementation

### A. Check Collection Mechanism
- Examine if metrics use synchronous operations that block the request path
- Look for expensive computations during metric collection
- Check for lock contention if metrics use shared resources

### B. Examine Transport Layer
- Determine if metrics are sent synchronously during the request
- Check if the metrics transport (e.g., UDP, TCP, HTTP) is blocking
- Verify buffer sizes and flush frequencies if batching is used

## 4. Profile the Application

### A. CPU Profiling
- Run CPU profiling with and without metrics to identify hotspots
- Look for unexpected CPU usage in metric collection code

### B. Memory Profiling
- Check for excessive memory allocation or garbage collection triggered by metrics
- Look for memory leaks that could be caused by the metrics implementation

## 5. Examine External Dependencies

### A. Third-party Services
- If metrics are sent to external services, check if there are connection issues
- Test with a mock metrics service to eliminate external dependencies

### B. Resource Contention
- Check if metrics collection competes for the same resources as the main application

## 6. Optimize the Solution

Based on findings:
- Move metrics collection off the critical path (asynchronous processing)
- Batch metrics instead of sending individually
- Sample metrics instead of collecting for every request
- Use more efficient serialization/transport mechanisms
- Consider using a dedicated metrics thread/process

## Assumptions and Limitations

- This approach assumes you have access to modify the code and configuration
- The actual root cause might be specific to your metrics implementation or infrastructure
- Without knowing the specific metrics system, some suggestions may not apply to your environment
- The debugging process might require multiple iterations as you discover more information

By systematically isolating variables and measuring impact, you can determine whether the latency increase is due to measurement overhead or an actual regression in application performance.
Errors  : ["Without specific details about the metrics implementation, some suggestions may not be applicable", "The approach assumes certain debugging tools and access levels are available"]

[Computing Causal Collapse...]
  [Meta Pass] Thinking... 
{"evaluations": [
  {
    "name": "code_boundary_check",
    "activation": 0.0,
    "reason": "No code with loops, ranges, or array indexing is being analyzed in this interaction"
  },
  {
    "name": "uncertainty_acknowledgment",
    "activation": 0.9,
    "reason": "The response explicitly acknowledges uncertainty multiple times, including a dedicated 'Uncertainty' point and 'Assumptions and Limitations' section"
  },
  {
    "name": "domain_knowledge_boundary",
    "activation": 0.7,
    "reason": "The response deals with specialized technical knowledge about API performance debugging and acknowledges limitations in its suggestions without specific implementation details"
  }
]}[0m

  [Meta Pass] Thinking... 
{
  "turn_quality": 0.9,
  "new_predicate": null,
  "reinforced": ["uncertainty_acknowledgment", "domain_knowledge_boundary"],
  "reasoning": "The response handled the debugging question well by explicitly acknowledging uncertainty ('External factors like network conditions could cause temporary spikes'), recognizing domain knowledge boundaries ('Without knowing the specific metrics system, some suggestions may not apply'), and maintaining appropriate structure. The response was comprehensive and methodical, providing a clear debugging sequence with multiple approaches. The existing predicates were sufficient to guide a high-quality response that balanced confidence with appropriate caveats."
}[0m

n★ turn 4 | n=2 | predicates=3 | gate=VERIFY | no new predicate

=== Turn Result ===
Collapse Hash : 9116e0e8ecd3b997
Coordinate    : Event 15 [[3, 5]] at intensity 0.80
Dimensionality: 2 active predicates
Gates         : VERIFY
Reinforced    : uncertainty_acknowledgment, domain_knowledge_boundary
Reasoning     : The response handled the debugging question well by explicitly acknowledging uncertainty ('External factors like network conditions could cause temporary spikes'), recognizing domain knowledge boundaries ('Without knowing the specific metrics system, some suggestions may not apply'), and maintaining appropriate structure. The response was comprehensive and methodical, providing a clear debugging sequence with multiple approaches. The existing predicates were sufficient to guide a high-quality response that balanced confidence with appropriate caveats.

